{"/Users/thomassullivan/code/heartpoints.org/src/frontEnd/index.tsx": {"path":"/Users/thomassullivan/code/heartpoints.org/src/frontEnd/index.tsx","statementMap":{"0":{"start":{"line":1,"column":0},"end":{"line":1,"column":51}},"1":{"start":{"line":2,"column":0},"end":{"line":2,"column":45}},"2":{"start":{"line":4,"column":0},"end":{"line":4,"column":null}}},"fnMap":{},"branchMap":{},"s":{"0":0,"1":0,"2":0},"f":{},"b":{}}
,"/Users/thomassullivan/code/heartpoints.org/src/frontEnd/RestGuru/RestGuru.tsx": {"path":"/Users/thomassullivan/code/heartpoints.org/src/frontEnd/RestGuru/RestGuru.tsx","statementMap":{"0":{"start":{"line":1,"column":0},"end":{"line":1,"column":30}},"1":{"start":{"line":2,"column":0},"end":{"line":2,"column":36}},"2":{"start":{"line":3,"column":0},"end":{"line":3,"column":53}},"3":{"start":{"line":5,"column":19},"end":{"line":5,"column":31}},"4":{"start":{"line":5,"column":30},"end":{"line":5,"column":null}},"5":{"start":{"line":7,"column":13},"end":{"line":46,"column":null}},"6":{"start":{"line":7,"column":30},"end":{"line":46,"column":null}}},"fnMap":{"0":{"name":"(anonymous_3)","decl":{"start":{"line":5,"column":19},"end":{"line":5,"column":20}},"loc":{"start":{"line":5,"column":25},"end":{"line":5,"column":31}}},"1":{"name":"(anonymous_4)","decl":{"start":{"line":7,"column":24},"end":{"line":7,"column":30}},"loc":{"start":{"line":7,"column":24},"end":{"line":7,"column":31}}}},"branchMap":{},"s":{"0":0,"1":0,"2":0,"3":0,"4":0,"5":0,"6":0},"f":{"0":0,"1":0},"b":{}}
,"/Users/thomassullivan/code/heartpoints.org/src/frontEnd/buttons/EditButton.tsx": {"path":"/Users/thomassullivan/code/heartpoints.org/src/frontEnd/buttons/EditButton.tsx","statementMap":{"0":{"start":{"line":1,"column":0},"end":{"line":1,"column":31}},"1":{"start":{"line":2,"column":0},"end":{"line":2,"column":47}},"2":{"start":{"line":3,"column":0},"end":{"line":3,"column":56}},"3":{"start":{"line":5,"column":13},"end":{"line":9,"column":null}},"4":{"start":{"line":5,"column":29},"end":{"line":5,"column":34}},"5":{"start":{"line":5,"column":36},"end":{"line":5,"column":43}},"6":{"start":{"line":5,"column":50},"end":{"line":9,"column":null}}},"fnMap":{"0":{"name":"(anonymous_2)","decl":{"start":{"line":5,"column":26},"end":{"line":5,"column":27}},"loc":{"start":{"line":5,"column":45},"end":{"line":5,"column":51}}}},"branchMap":{},"s":{"0":0,"1":0,"2":0,"3":0,"4":0,"5":0,"6":0},"f":{"0":0},"b":{}}
,"/Users/thomassullivan/code/heartpoints.org/src/frontEnd/castleRisk/AddPlayer.tsx": {"path":"/Users/thomassullivan/code/heartpoints.org/src/frontEnd/castleRisk/AddPlayer.tsx","statementMap":{"0":{"start":{"line":1,"column":0},"end":{"line":1,"column":31}},"1":{"start":{"line":2,"column":0},"end":{"line":2,"column":54}},"2":{"start":{"line":3,"column":0},"end":{"line":3,"column":38}},"3":{"start":{"line":4,"column":0},"end":{"line":4,"column":42}},"4":{"start":{"line":6,"column":13},"end":{"line":14,"column":18}},"5":{"start":{"line":6,"column":28},"end":{"line":6,"column":34}},"6":{"start":{"line":6,"column":36},"end":{"line":6,"column":47}},"7":{"start":{"line":6,"column":54},"end":{"line":14,"column":18}},"8":{"start":{"line":8,"column":53},"end":{"line":8,"column":96}}},"fnMap":{"0":{"name":"(anonymous_1)","decl":{"start":{"line":6,"column":25},"end":{"line":6,"column":26}},"loc":{"start":{"line":6,"column":49},"end":{"line":6,"column":55}}},"1":{"name":"(anonymous_2)","decl":{"start":{"line":8,"column":48},"end":{"line":8,"column":49}},"loc":{"start":{"line":8,"column":49},"end":{"line":8,"column":64}}}},"branchMap":{},"s":{"0":0,"1":0,"2":0,"3":0,"4":0,"5":0,"6":0,"7":0,"8":0},"f":{"0":0,"1":0},"b":{}}
,"/Users/thomassullivan/code/heartpoints.org/src/frontEnd/castleRisk/CastleRisk.tsx": {"path":"/Users/thomassullivan/code/heartpoints.org/src/frontEnd/castleRisk/CastleRisk.tsx","statementMap":{"0":{"start":{"line":1,"column":0},"end":{"line":1,"column":31}},"1":{"start":{"line":2,"column":0},"end":{"line":2,"column":36}},"2":{"start":{"line":3,"column":0},"end":{"line":3,"column":46}},"3":{"start":{"line":4,"column":0},"end":{"line":4,"column":38}},"4":{"start":{"line":5,"column":0},"end":{"line":5,"column":56}},"5":{"start":{"line":7,"column":13},"end":{"line":15,"column":null}},"6":{"start":{"line":8,"column":12},"end":{"line":8,"column":17}},"7":{"start":{"line":9,"column":35},"end":{"line":9,"column":59}},"8":{"start":{"line":10,"column":4},"end":{"line":14,"column":null}}},"fnMap":{"0":{"name":"(anonymous_3)","decl":{"start":{"line":7,"column":26},"end":{"line":7,"column":27}},"loc":{"start":{"line":7,"column":32},"end":{"line":15,"column":1}}}},"branchMap":{},"s":{"0":0,"1":0,"2":0,"3":0,"4":0,"5":0,"6":0,"7":0,"8":0},"f":{"0":0},"b":{}}
,"/Users/thomassullivan/code/heartpoints.org/src/frontEnd/castleRisk/PhaseTitle.tsx": {"path":"/Users/thomassullivan/code/heartpoints.org/src/frontEnd/castleRisk/PhaseTitle.tsx","statementMap":{"0":{"start":{"line":1,"column":0},"end":{"line":1,"column":31}},"1":{"start":{"line":2,"column":0},"end":{"line":2,"column":47}},"2":{"start":{"line":4,"column":13},"end":{"line":6,"column":null}},"3":{"start":{"line":5,"column":7},"end":{"line":5,"column":26}},"4":{"start":{"line":6,"column":4},"end":{"line":6,"column":null}}},"fnMap":{"0":{"name":"(anonymous_1)","decl":{"start":{"line":5,"column":4},"end":{"line":5,"column":5}},"loc":{"start":{"line":5,"column":28},"end":{"line":6,"column":5}}}},"branchMap":{},"s":{"0":0,"1":0,"2":0,"3":0,"4":0},"f":{"0":0},"b":{}}
,"/Users/thomassullivan/code/heartpoints.org/src/frontEnd/castleRisk/Welcome.tsx": {"path":"/Users/thomassullivan/code/heartpoints.org/src/frontEnd/castleRisk/Welcome.tsx","statementMap":{"0":{"start":{"line":1,"column":0},"end":{"line":1,"column":31}},"1":{"start":{"line":2,"column":0},"end":{"line":2,"column":31}},"2":{"start":{"line":3,"column":0},"end":{"line":3,"column":43}},"3":{"start":{"line":4,"column":0},"end":{"line":4,"column":42}},"4":{"start":{"line":6,"column":13},"end":{"line":9,"column":18}},"5":{"start":{"line":6,"column":26},"end":{"line":6,"column":37}},"6":{"start":{"line":6,"column":44},"end":{"line":9,"column":18}},"7":{"start":{"line":8,"column":43},"end":{"line":8,"column":103}}},"fnMap":{"0":{"name":"(anonymous_1)","decl":{"start":{"line":6,"column":23},"end":{"line":6,"column":24}},"loc":{"start":{"line":6,"column":39},"end":{"line":6,"column":45}}},"1":{"name":"(anonymous_2)","decl":{"start":{"line":8,"column":37},"end":{"line":8,"column":43}},"loc":{"start":{"line":8,"column":37},"end":{"line":8,"column":54}}}},"branchMap":{},"s":{"0":0,"1":0,"2":0,"3":0,"4":0,"5":0,"6":0,"7":0},"f":{"0":0,"1":0},"b":{}}
,"/Users/thomassullivan/code/heartpoints.org/src/frontEnd/castleRisk/componentForPhase.tsx": {"path":"/Users/thomassullivan/code/heartpoints.org/src/frontEnd/castleRisk/componentForPhase.tsx","statementMap":{"0":{"start":{"line":1,"column":0},"end":{"line":1,"column":31}},"1":{"start":{"line":2,"column":0},"end":{"line":2,"column":51}},"2":{"start":{"line":3,"column":0},"end":{"line":3,"column":43}},"3":{"start":{"line":4,"column":0},"end":{"line":4,"column":36}},"4":{"start":{"line":5,"column":0},"end":{"line":5,"column":40}},"5":{"start":{"line":7,"column":13},"end":{"line":12,"column":30}},"6":{"start":{"line":7,"column":42},"end":{"line":12,"column":30}}},"fnMap":{"0":{"name":"(anonymous_0)","decl":{"start":{"line":7,"column":33},"end":{"line":7,"column":38}},"loc":{"start":{"line":7,"column":38},"end":{"line":7,"column":48}}}},"branchMap":{},"s":{"0":0,"1":0,"2":0,"3":0,"4":0,"5":0,"6":0},"f":{"0":0},"b":{}}
,"/Users/thomassullivan/code/heartpoints.org/src/frontEnd/castleRisk/game.ts": {"path":"/Users/thomassullivan/code/heartpoints.org/src/frontEnd/castleRisk/game.ts","statementMap":{"0":{"start":{"line":1,"column":0},"end":{"line":1,"column":null}},"1":{"start":{"line":2,"column":4},"end":{"line":2,"column":null}},"2":{"start":{"line":3,"column":4},"end":{"line":3,"column":null}},"3":{"start":{"line":4,"column":4},"end":{"line":4,"column":null}},"4":{"start":{"line":7,"column":13},"end":{"line":7,"column":null}}},"fnMap":{"0":{"name":"(anonymous_0)","decl":{"start":{"line":1,"column":0},"end":{"line":1,"column":12}},"loc":{"start":{"line":1,"column":17},"end":{"line":5,"column":1}}}},"branchMap":{"0":{"loc":{"start":{"line":1,"column":12},"end":{"line":1,"column":17}},"type":"binary-expr","locations":[{"start":{"line":1,"column":12},"end":{"line":1,"column":17}},{"start":{"line":1,"column":12},"end":{"line":1,"column":null}}]}},"s":{"0":0,"1":0,"2":0,"3":0,"4":0},"f":{"0":0},"b":{"0":[0,0]}}
,"/Users/thomassullivan/code/heartpoints.org/src/frontEnd/castleRisk/initialCastleRiskState.ts": {"path":"/Users/thomassullivan/code/heartpoints.org/src/frontEnd/castleRisk/initialCastleRiskState.ts","statementMap":{"0":{"start":{"line":1,"column":0},"end":{"line":1,"column":48}},"1":{"start":{"line":3,"column":13},"end":{"line":5,"column":null}},"2":{"start":{"line":3,"column":44},"end":{"line":5,"column":null}}},"fnMap":{"0":{"name":"(anonymous_0)","decl":{"start":{"line":3,"column":38},"end":{"line":3,"column":44}},"loc":{"start":{"line":3,"column":38},"end":{"line":3,"column":45}}}},"branchMap":{},"s":{"0":0,"1":0,"2":0},"f":{"0":0},"b":{}}
,"/Users/thomassullivan/code/heartpoints.org/src/frontEnd/castleRisk/updateState.ts": {"path":"/Users/thomassullivan/code/heartpoints.org/src/frontEnd/castleRisk/updateState.ts","statementMap":{"0":{"start":{"line":1,"column":13},"end":{"line":7,"column":null}},"1":{"start":{"line":1,"column":48},"end":{"line":7,"column":null}}},"fnMap":{"0":{"name":"(anonymous_2)","decl":{"start":{"line":1,"column":27},"end":{"line":1,"column":28}},"loc":{"start":{"line":1,"column":43},"end":{"line":1,"column":null}}}},"branchMap":{},"s":{"0":0,"1":0},"f":{"0":0},"b":{}}
,"/Users/thomassullivan/code/heartpoints.org/src/frontEnd/developers/developers.ts": {"path":"/Users/thomassullivan/code/heartpoints.org/src/frontEnd/developers/developers.ts","statementMap":{"0":{"start":{"line":1,"column":13},"end":{"line":1,"column":186}}},"fnMap":{},"branchMap":{},"s":{"0":0},"f":{},"b":{}}
,"/Users/thomassullivan/code/heartpoints.org/src/frontEnd/developers/fakeFacebookUserSession.tsx": {"path":"/Users/thomassullivan/code/heartpoints.org/src/frontEnd/developers/fakeFacebookUserSession.tsx","statementMap":{"0":{"start":{"line":1,"column":13},"end":{"line":3,"column":2}}},"fnMap":{},"branchMap":{},"s":{"0":0},"f":{},"b":{}}
,"/Users/thomassullivan/code/heartpoints.org/src/frontEnd/developers/inDevMode.ts": {"path":"/Users/thomassullivan/code/heartpoints.org/src/frontEnd/developers/inDevMode.ts","statementMap":{"0":{"start":{"line":1,"column":0},"end":{"line":1,"column":70}},"1":{"start":{"line":2,"column":0},"end":{"line":2,"column":44}},"2":{"start":{"line":3,"column":0},"end":{"line":3,"column":44}},"3":{"start":{"line":5,"column":13},"end":{"line":5,"column":83}},"4":{"start":{"line":5,"column":31},"end":{"line":5,"column":83}}},"fnMap":{"0":{"name":"(anonymous_0)","decl":{"start":{"line":5,"column":25},"end":{"line":5,"column":31}},"loc":{"start":{"line":5,"column":25},"end":{"line":5,"column":42}}}},"branchMap":{"0":{"loc":{"start":{"line":5,"column":31},"end":{"line":5,"column":44}},"type":"binary-expr","locations":[{"start":{"line":5,"column":31},"end":{"line":5,"column":44}},{"start":{"line":5,"column":48},"end":{"line":5,"column":82}}]}},"s":{"0":0,"1":0,"2":0,"3":0,"4":0},"f":{"0":0},"b":{"0":[0,0]}}
,"/Users/thomassullivan/code/heartpoints.org/src/frontEnd/developers/initialDevelopersState.ts": {"path":"/Users/thomassullivan/code/heartpoints.org/src/frontEnd/developers/initialDevelopersState.ts","statementMap":{"0":{"start":{"line":1,"column":0},"end":{"line":1,"column":40}},"1":{"start":{"line":3,"column":13},"end":{"line":5,"column":null}},"2":{"start":{"line":3,"column":44},"end":{"line":5,"column":null}}},"fnMap":{"0":{"name":"(anonymous_0)","decl":{"start":{"line":3,"column":38},"end":{"line":3,"column":44}},"loc":{"start":{"line":3,"column":38},"end":{"line":3,"column":45}}}},"branchMap":{},"s":{"0":0,"1":0,"2":0},"f":{"0":0},"b":{}}
,"/Users/thomassullivan/code/heartpoints.org/src/frontEnd/developers/isDeveloper.ts": {"path":"/Users/thomassullivan/code/heartpoints.org/src/frontEnd/developers/isDeveloper.ts","statementMap":{"0":{"start":{"line":1,"column":0},"end":{"line":1,"column":42}},"1":{"start":{"line":2,"column":13},"end":{"line":2,"column":120}},"2":{"start":{"line":2,"column":50},"end":{"line":2,"column":120}}},"fnMap":{"0":{"name":"(anonymous_0)","decl":{"start":{"line":2,"column":27},"end":{"line":2,"column":46}},"loc":{"start":{"line":2,"column":46},"end":{"line":2,"column":69}}}},"branchMap":{"0":{"loc":{"start":{"line":2,"column":50},"end":{"line":2,"column":69}},"type":"binary-expr","locations":[{"start":{"line":2,"column":50},"end":{"line":2,"column":69}},{"start":{"line":2,"column":73},"end":{"line":2,"column":119}}]}},"s":{"0":0,"1":0,"2":0},"f":{"0":0},"b":{"0":[0,0]}}
,"/Users/thomassullivan/code/heartpoints.org/src/frontEnd/developers/isLocalhost.ts": {"path":"/Users/thomassullivan/code/heartpoints.org/src/frontEnd/developers/isLocalhost.ts","statementMap":{"0":{"start":{"line":1,"column":13},"end":{"line":1,"column":73}},"1":{"start":{"line":1,"column":33},"end":{"line":1,"column":73}}},"fnMap":{"0":{"name":"(anonymous_0)","decl":{"start":{"line":1,"column":27},"end":{"line":1,"column":33}},"loc":{"start":{"line":1,"column":27},"end":{"line":1,"column":39}}}},"branchMap":{},"s":{"0":0,"1":0},"f":{"0":0},"b":{}}
,"/Users/thomassullivan/code/heartpoints.org/src/frontEnd/facebook/FacebookLoggedInButton.tsx": {"path":"/Users/thomassullivan/code/heartpoints.org/src/frontEnd/facebook/FacebookLoggedInButton.tsx","statementMap":{"0":{"start":{"line":1,"column":0},"end":{"line":1,"column":31}},"1":{"start":{"line":2,"column":0},"end":{"line":2,"column":123}},"2":{"start":{"line":4,"column":29},"end":{"line":4,"column":63}},"3":{"start":{"line":5,"column":8},"end":{"line":5,"column":18}},"4":{"start":{"line":5,"column":20},"end":{"line":5,"column":30}},"5":{"start":{"line":5,"column":32},"end":{"line":5,"column":51}},"6":{"start":{"line":7,"column":13},"end":{"line":35,"column":null}},"7":{"start":{"line":8,"column":11},"end":{"line":8,"column":30}},"8":{"start":{"line":8,"column":32},"end":{"line":8,"column":49}},"9":{"start":{"line":9,"column":26},"end":{"line":9,"column":62}},"10":{"start":{"line":10,"column":21},"end":{"line":10,"column":45}},"11":{"start":{"line":11,"column":4},"end":{"line":34,"column":null}},"12":{"start":{"line":12,"column":23},"end":{"line":33,"column":null}},"13":{"start":{"line":18,"column":24},"end":{"line":18,"column":39}},"14":{"start":{"line":18,"column":46},"end":{"line":30,"column":null}},"15":{"start":{"line":21,"column":70},"end":{"line":21,"column":null}},"16":{"start":{"line":23,"column":65},"end":{"line":23,"column":103}},"17":{"start":{"line":24,"column":65},"end":{"line":24,"column":106}}},"fnMap":{"0":{"name":"(anonymous_3)","decl":{"start":{"line":7,"column":38},"end":{"line":7,"column":43}},"loc":{"start":{"line":7,"column":43},"end":{"line":35,"column":1}}},"1":{"name":"(anonymous_4)","decl":{"start":{"line":12,"column":9},"end":{"line":12,"column":19}},"loc":{"start":{"line":12,"column":19},"end":{"line":12,"column":null}}},"2":{"name":"(anonymous_5)","decl":{"start":{"line":18,"column":21},"end":{"line":18,"column":22}},"loc":{"start":{"line":18,"column":41},"end":{"line":18,"column":null}}},"3":{"name":"(anonymous_6)","decl":{"start":{"line":21,"column":64},"end":{"line":21,"column":70}},"loc":{"start":{"line":21,"column":64},"end":{"line":21,"column":80}}},"4":{"name":"(anonymous_7)","decl":{"start":{"line":23,"column":59},"end":{"line":23,"column":65}},"loc":{"start":{"line":23,"column":59},"end":{"line":23,"column":75}}},"5":{"name":"(anonymous_8)","decl":{"start":{"line":24,"column":59},"end":{"line":24,"column":65}},"loc":{"start":{"line":24,"column":59},"end":{"line":24,"column":75}}}},"branchMap":{},"s":{"0":0,"1":0,"2":0,"3":0,"4":0,"5":0,"6":0,"7":0,"8":0,"9":0,"10":0,"11":0,"12":0,"13":0,"14":0,"15":0,"16":0,"17":0},"f":{"0":0,"1":0,"2":0,"3":0,"4":0,"5":0},"b":{}}
,"/Users/thomassullivan/code/heartpoints.org/src/frontEnd/facebook/FacebookLoginButton.tsx": {"path":"/Users/thomassullivan/code/heartpoints.org/src/frontEnd/facebook/FacebookLoginButton.tsx","statementMap":{"0":{"start":{"line":1,"column":0},"end":{"line":1,"column":31}},"1":{"start":{"line":2,"column":0},"end":{"line":2,"column":54}},"2":{"start":{"line":4,"column":13},"end":{"line":9,"column":null}},"3":{"start":{"line":4,"column":31},"end":{"line":4,"column":54}},"4":{"start":{"line":4,"column":56},"end":{"line":4,"column":78}},"5":{"start":{"line":4,"column":84},"end":{"line":9,"column":null}}},"fnMap":{"0":{"name":"(anonymous_2)","decl":{"start":{"line":4,"column":29},"end":{"line":4,"column":30}},"loc":{"start":{"line":4,"column":79},"end":{"line":4,"column":85}}}},"branchMap":{},"s":{"0":0,"1":0,"2":0,"3":0,"4":0,"5":0},"f":{"0":0},"b":{}}
,"/Users/thomassullivan/code/heartpoints.org/src/frontEnd/facebook/FacebookLoginLogout.tsx": {"path":"/Users/thomassullivan/code/heartpoints.org/src/frontEnd/facebook/FacebookLoginLogout.tsx","statementMap":{"0":{"start":{"line":1,"column":0},"end":{"line":1,"column":31}},"1":{"start":{"line":2,"column":0},"end":{"line":2,"column":54}},"2":{"start":{"line":3,"column":0},"end":{"line":3,"column":66}},"3":{"start":{"line":5,"column":13},"end":{"line":10,"column":null}},"4":{"start":{"line":6,"column":11},"end":{"line":6,"column":30}},"5":{"start":{"line":6,"column":32},"end":{"line":6,"column":55}},"6":{"start":{"line":6,"column":57},"end":{"line":6,"column":79}},"7":{"start":{"line":6,"column":81},"end":{"line":6,"column":98}},"8":{"start":{"line":7,"column":4},"end":{"line":9,"column":null}}},"fnMap":{"0":{"name":"(anonymous_3)","decl":{"start":{"line":5,"column":35},"end":{"line":5,"column":36}},"loc":{"start":{"line":5,"column":41},"end":{"line":10,"column":1}}}},"branchMap":{"0":{"loc":{"start":{"line":8,"column":10},"end":{"line":8,"column":47}},"type":"cond-expr","locations":[{"start":{"line":8,"column":10},"end":{"line":8,"column":47}},{"start":{"line":9,"column":10},"end":{"line":9,"column":82}}]}},"s":{"0":0,"1":0,"2":0,"3":0,"4":0,"5":0,"6":0,"7":0,"8":0},"f":{"0":0},"b":{"0":[0,0]}}
,"/Users/thomassullivan/code/heartpoints.org/src/frontEnd/facebook/FacebookSessionInfo.tsx": {"path":"/Users/thomassullivan/code/heartpoints.org/src/frontEnd/facebook/FacebookSessionInfo.tsx","statementMap":{"0":{"start":{"line":1,"column":0},"end":{"line":1,"column":31}},"1":{"start":{"line":2,"column":0},"end":{"line":2,"column":47}},"2":{"start":{"line":3,"column":0},"end":{"line":3,"column":60}},"3":{"start":{"line":5,"column":13},"end":{"line":12,"column":null}},"4":{"start":{"line":5,"column":37},"end":{"line":5,"column":56}},"5":{"start":{"line":5,"column":62},"end":{"line":12,"column":null}}},"fnMap":{"0":{"name":"(anonymous_1)","decl":{"start":{"line":5,"column":35},"end":{"line":5,"column":36}},"loc":{"start":{"line":5,"column":57},"end":{"line":5,"column":null}}}},"branchMap":{},"s":{"0":0,"1":0,"2":0,"3":0,"4":0,"5":0},"f":{"0":0},"b":{}}
,"/Users/thomassullivan/code/heartpoints.org/src/frontEnd/facebook/deleteSessionCookie.ts": {"path":"/Users/thomassullivan/code/heartpoints.org/src/frontEnd/facebook/deleteSessionCookie.ts","statementMap":{"0":{"start":{"line":1,"column":0},"end":{"line":1,"column":32}},"1":{"start":{"line":2,"column":0},"end":{"line":2,"column":78}},"2":{"start":{"line":3,"column":13},"end":{"line":3,"column":86}},"3":{"start":{"line":3,"column":41},"end":{"line":3,"column":86}}},"fnMap":{"0":{"name":"(anonymous_1)","decl":{"start":{"line":3,"column":35},"end":{"line":3,"column":41}},"loc":{"start":{"line":3,"column":35},"end":{"line":3,"column":48}}}},"branchMap":{},"s":{"0":0,"1":0,"2":0,"3":0},"f":{"0":0},"b":{}}
,"/Users/thomassullivan/code/heartpoints.org/src/frontEnd/facebook/facebookUserSession.ts": {"path":"/Users/thomassullivan/code/heartpoints.org/src/frontEnd/facebook/facebookUserSession.ts","statementMap":{"0":{"start":{"line":1,"column":0},"end":{"line":1,"column":72}},"1":{"start":{"line":3,"column":13},"end":{"line":6,"column":null}},"2":{"start":{"line":4,"column":20},"end":{"line":4,"column":47}},"3":{"start":{"line":5,"column":4},"end":{"line":5,"column":42}}},"fnMap":{"0":{"name":"(anonymous_0)","decl":{"start":{"line":3,"column":35},"end":{"line":3,"column":null}},"loc":{"start":{"line":3,"column":35},"end":{"line":6,"column":1}}}},"branchMap":{"0":{"loc":{"start":{"line":5,"column":11},"end":{"line":5,"column":18}},"type":"binary-expr","locations":[{"start":{"line":5,"column":11},"end":{"line":5,"column":18}},{"start":{"line":5,"column":22},"end":{"line":5,"column":41}}]}},"s":{"0":0,"1":0,"2":0,"3":0},"f":{"0":0},"b":{"0":[0,0]}}
,"/Users/thomassullivan/code/heartpoints.org/src/frontEnd/facebook/facebookUserSessionCookieKey.ts": {"path":"/Users/thomassullivan/code/heartpoints.org/src/frontEnd/facebook/facebookUserSessionCookieKey.ts","statementMap":{"0":{"start":{"line":1,"column":13},"end":{"line":1,"column":66}}},"fnMap":{},"branchMap":{},"s":{"0":0},"f":{},"b":{}}
,"/Users/thomassullivan/code/heartpoints.org/src/frontEnd/facebook/facebookUserSessionString.ts": {"path":"/Users/thomassullivan/code/heartpoints.org/src/frontEnd/facebook/facebookUserSessionString.ts","statementMap":{"0":{"start":{"line":1,"column":0},"end":{"line":1,"column":32}},"1":{"start":{"line":2,"column":0},"end":{"line":2,"column":78}},"2":{"start":{"line":4,"column":13},"end":{"line":4,"column":89}},"3":{"start":{"line":4,"column":47},"end":{"line":4,"column":89}}},"fnMap":{"0":{"name":"(anonymous_1)","decl":{"start":{"line":4,"column":41},"end":{"line":4,"column":47}},"loc":{"start":{"line":4,"column":41},"end":{"line":4,"column":54}}}},"branchMap":{},"s":{"0":0,"1":0,"2":0,"3":0},"f":{"0":0},"b":{}}
,"/Users/thomassullivan/code/heartpoints.org/src/frontEnd/facebook/intialFacebookState.ts": {"path":"/Users/thomassullivan/code/heartpoints.org/src/frontEnd/facebook/intialFacebookState.ts","statementMap":{"0":{"start":{"line":1,"column":0},"end":{"line":1,"column":60}},"1":{"start":{"line":3,"column":13},"end":{"line":5,"column":null}},"2":{"start":{"line":3,"column":42},"end":{"line":5,"column":null}}},"fnMap":{"0":{"name":"(anonymous_0)","decl":{"start":{"line":3,"column":36},"end":{"line":3,"column":42}},"loc":{"start":{"line":3,"column":36},"end":{"line":3,"column":43}}}},"branchMap":{},"s":{"0":0,"1":0,"2":0},"f":{"0":0},"b":{}}
,"/Users/thomassullivan/code/heartpoints.org/src/frontEnd/facebook/onFacebookLoginComplete.ts": {"path":"/Users/thomassullivan/code/heartpoints.org/src/frontEnd/facebook/onFacebookLoginComplete.ts","statementMap":{"0":{"start":{"line":1,"column":0},"end":{"line":1,"column":32}},"1":{"start":{"line":2,"column":0},"end":{"line":2,"column":78}},"2":{"start":{"line":3,"column":0},"end":{"line":3,"column":52}},"3":{"start":{"line":5,"column":13},"end":{"line":13,"column":2}},"4":{"start":{"line":6,"column":4},"end":{"line":6,"column":67}},"5":{"start":{"line":7,"column":4},"end":{"line":11,"column":null}}},"fnMap":{"0":{"name":"(anonymous_3)","decl":{"start":{"line":5,"column":39},"end":{"line":5,"column":40}},"loc":{"start":{"line":5,"column":66},"end":{"line":13,"column":1}}}},"branchMap":{},"s":{"0":0,"1":0,"2":0,"3":0,"4":0,"5":0},"f":{"0":0},"b":{}}
,"/Users/thomassullivan/code/heartpoints.org/src/frontEnd/facebook/onFacebookLoginFailure.ts": {"path":"/Users/thomassullivan/code/heartpoints.org/src/frontEnd/facebook/onFacebookLoginFailure.ts","statementMap":{"0":{"start":{"line":1,"column":0},"end":{"line":1,"column":55}},"1":{"start":{"line":2,"column":13},"end":{"line":2,"column":47}}},"fnMap":{},"branchMap":{},"s":{"0":0,"1":0},"f":{},"b":{}}
,"/Users/thomassullivan/code/heartpoints.org/src/frontEnd/facebook/onLogoutRequested.ts": {"path":"/Users/thomassullivan/code/heartpoints.org/src/frontEnd/facebook/onLogoutRequested.ts","statementMap":{"0":{"start":{"line":1,"column":0},"end":{"line":1,"column":60}},"1":{"start":{"line":2,"column":0},"end":{"line":2,"column":52}},"2":{"start":{"line":4,"column":13},"end":{"line":8,"column":2}},"3":{"start":{"line":5,"column":12},"end":{"line":5,"column":31}},"4":{"start":{"line":5,"column":33},"end":{"line":5,"column":50}},"5":{"start":{"line":6,"column":4},"end":{"line":6,"column":26}},"6":{"start":{"line":7,"column":4},"end":{"line":7,"column":57}}},"fnMap":{"0":{"name":"(anonymous_3)","decl":{"start":{"line":4,"column":33},"end":{"line":4,"column":34}},"loc":{"start":{"line":4,"column":39},"end":{"line":8,"column":1}}}},"branchMap":{},"s":{"0":0,"1":0,"2":0,"3":0,"4":0,"5":0,"6":0},"f":{"0":0},"b":{}}
,"/Users/thomassullivan/code/heartpoints.org/src/frontEnd/forms/FilePicker.tsx": {"path":"/Users/thomassullivan/code/heartpoints.org/src/frontEnd/forms/FilePicker.tsx","statementMap":{"0":{"start":{"line":1,"column":0},"end":{"line":1,"column":31}},"1":{"start":{"line":2,"column":0},"end":{"line":2,"column":33}},"2":{"start":{"line":3,"column":0},"end":{"line":3,"column":48}},"3":{"start":{"line":4,"column":0},"end":{"line":4,"column":56}},"4":{"start":{"line":6,"column":13},"end":{"line":21,"column":null}},"5":{"start":{"line":6,"column":28},"end":{"line":6,"column":36}},"6":{"start":{"line":6,"column":38},"end":{"line":6,"column":64}},"7":{"start":{"line":6,"column":66},"end":{"line":6,"column":74}},"8":{"start":{"line":7,"column":15},"end":{"line":7,"column":21}},"9":{"start":{"line":8,"column":4},"end":{"line":20,"column":null}}},"fnMap":{"0":{"name":"(anonymous_1)","decl":{"start":{"line":6,"column":26},"end":{"line":6,"column":27}},"loc":{"start":{"line":6,"column":75},"end":{"line":21,"column":1}}}},"branchMap":{"0":{"loc":{"start":{"line":6,"column":38},"end":{"line":6,"column":64}},"type":"cond-expr","locations":[{"start":{"line":6,"column":38},"end":{"line":6,"column":64}},{"start":{"line":6,"column":38},"end":{"line":6,"column":64}}]}},"s":{"0":0,"1":0,"2":0,"3":0,"4":0,"5":0,"6":0,"7":0,"8":0,"9":0},"f":{"0":0},"b":{"0":[0,0]}}
,"/Users/thomassullivan/code/heartpoints.org/src/frontEnd/forms/FilePickerButton.tsx": {"path":"/Users/thomassullivan/code/heartpoints.org/src/frontEnd/forms/FilePickerButton.tsx","statementMap":{"0":{"start":{"line":1,"column":0},"end":{"line":1,"column":31}},"1":{"start":{"line":2,"column":0},"end":{"line":2,"column":42}},"2":{"start":{"line":3,"column":0},"end":{"line":3,"column":46}},"3":{"start":{"line":4,"column":0},"end":{"line":4,"column":61}},"4":{"start":{"line":6,"column":16},"end":{"line":13,"column":3}},"5":{"start":{"line":6,"column":44},"end":{"line":13,"column":3}},"6":{"start":{"line":15,"column":13},"end":{"line":20,"column":null}},"7":{"start":{"line":15,"column":34},"end":{"line":15,"column":39}},"8":{"start":{"line":15,"column":41},"end":{"line":15,"column":49}},"9":{"start":{"line":15,"column":51},"end":{"line":15,"column":77}},"10":{"start":{"line":16,"column":4},"end":{"line":20,"column":null}}},"fnMap":{"0":{"name":"(anonymous_4)","decl":{"start":{"line":6,"column":27},"end":{"line":6,"column":28}},"loc":{"start":{"line":6,"column":39},"end":{"line":6,"column":45}}},"1":{"name":"(anonymous_5)","decl":{"start":{"line":15,"column":32},"end":{"line":15,"column":33}},"loc":{"start":{"line":15,"column":78},"end":{"line":16,"column":5}}}},"branchMap":{"0":{"loc":{"start":{"line":15,"column":51},"end":{"line":15,"column":77}},"type":"cond-expr","locations":[{"start":{"line":15,"column":51},"end":{"line":15,"column":77}},{"start":{"line":15,"column":51},"end":{"line":15,"column":77}}]}},"s":{"0":0,"1":0,"2":0,"3":0,"4":0,"5":0,"6":0,"7":0,"8":0,"9":0,"10":0},"f":{"0":0,"1":0},"b":{"0":[0,0]}}
,"/Users/thomassullivan/code/heartpoints.org/src/frontEnd/forms/HPButton.tsx": {"path":"/Users/thomassullivan/code/heartpoints.org/src/frontEnd/forms/HPButton.tsx","statementMap":{"0":{"start":{"line":1,"column":0},"end":{"line":1,"column":31}},"1":{"start":{"line":2,"column":0},"end":{"line":2,"column":43}},"2":{"start":{"line":3,"column":0},"end":{"line":3,"column":75}},"3":{"start":{"line":5,"column":18},"end":{"line":15,"column":null}},"4":{"start":{"line":6,"column":2},"end":{"line":15,"column":null}},"5":{"start":{"line":18,"column":13},"end":{"line":24,"column":null}},"6":{"start":{"line":19,"column":20},"end":{"line":19,"column":31}},"7":{"start":{"line":20,"column":12},"end":{"line":20,"column":19}},"8":{"start":{"line":20,"column":21},"end":{"line":20,"column":26}},"9":{"start":{"line":20,"column":28},"end":{"line":20,"column":36}},"10":{"start":{"line":21,"column":4},"end":{"line":23,"column":null}}},"fnMap":{"0":{"name":"(anonymous_1)","decl":{"start":{"line":5,"column":29},"end":{"line":5,"column":30}},"loc":{"start":{"line":5,"column":42},"end":{"line":6,"column":14}}},"1":{"name":"(anonymous_2)","decl":{"start":{"line":18,"column":24},"end":{"line":18,"column":25}},"loc":{"start":{"line":18,"column":30},"end":{"line":24,"column":1}}}},"branchMap":{},"s":{"0":0,"1":0,"2":0,"3":0,"4":0,"5":0,"6":0,"7":0,"8":0,"9":0,"10":0},"f":{"0":0,"1":0},"b":{}}
,"/Users/thomassullivan/code/heartpoints.org/src/frontEnd/forms/ImagePicker.tsx": {"path":"/Users/thomassullivan/code/heartpoints.org/src/frontEnd/forms/ImagePicker.tsx","statementMap":{"0":{"start":{"line":1,"column":0},"end":{"line":1,"column":31}},"1":{"start":{"line":2,"column":0},"end":{"line":2,"column":42}},"2":{"start":{"line":3,"column":0},"end":{"line":3,"column":56}},"3":{"start":{"line":4,"column":0},"end":{"line":4,"column":40}},"4":{"start":{"line":6,"column":19},"end":{"line":11,"column":null}},"5":{"start":{"line":14,"column":17},"end":{"line":18,"column":null}},"6":{"start":{"line":20,"column":13},"end":{"line":28,"column":null}},"7":{"start":{"line":20,"column":30},"end":{"line":20,"column":35}},"8":{"start":{"line":20,"column":37},"end":{"line":20,"column":47}},"9":{"start":{"line":20,"column":54},"end":{"line":28,"column":null}}},"fnMap":{"0":{"name":"(anonymous_3)","decl":{"start":{"line":20,"column":27},"end":{"line":20,"column":28}},"loc":{"start":{"line":20,"column":49},"end":{"line":20,"column":59}}}},"branchMap":{"0":{"loc":{"start":{"line":20,"column":37},"end":{"line":20,"column":47}},"type":"cond-expr","locations":[{"start":{"line":20,"column":37},"end":{"line":20,"column":47}},{"start":{"line":20,"column":37},"end":{"line":20,"column":47}}]},"1":{"loc":{"start":{"line":23,"column":59},"end":{"line":23,"column":70}},"type":"binary-expr","locations":[{"start":{"line":23,"column":59},"end":{"line":23,"column":70}},{"start":{"line":23,"column":74},"end":{"line":23,"column":91}}]}},"s":{"0":0,"1":0,"2":0,"3":0,"4":0,"5":0,"6":0,"7":0,"8":0,"9":0},"f":{"0":0},"b":{"0":[0,0],"1":[0,0]}}
,"/Users/thomassullivan/code/heartpoints.org/src/frontEnd/forms/InputForField.tsx": {"path":"/Users/thomassullivan/code/heartpoints.org/src/frontEnd/forms/InputForField.tsx","statementMap":{"0":{"start":{"line":1,"column":0},"end":{"line":1,"column":31}},"1":{"start":{"line":2,"column":0},"end":{"line":2,"column":56}},"2":{"start":{"line":3,"column":0},"end":{"line":3,"column":53}},"3":{"start":{"line":4,"column":0},"end":{"line":4,"column":54}},"4":{"start":{"line":6,"column":16},"end":{"line":12,"column":3}},"5":{"start":{"line":6,"column":44},"end":{"line":12,"column":3}},"6":{"start":{"line":14,"column":13},"end":{"line":25,"column":null}},"7":{"start":{"line":15,"column":7},"end":{"line":15,"column":12}},"8":{"start":{"line":15,"column":14},"end":{"line":15,"column":22}},"9":{"start":{"line":15,"column":24},"end":{"line":15,"column":35}},"10":{"start":{"line":15,"column":37},"end":{"line":15,"column":54}},"11":{"start":{"line":15,"column":56},"end":{"line":15,"column":64}},"12":{"start":{"line":16,"column":4},"end":{"line":25,"column":null}}},"fnMap":{"0":{"name":"(anonymous_1)","decl":{"start":{"line":6,"column":27},"end":{"line":6,"column":28}},"loc":{"start":{"line":6,"column":39},"end":{"line":6,"column":45}}},"1":{"name":"(anonymous_2)","decl":{"start":{"line":15,"column":4},"end":{"line":15,"column":5}},"loc":{"start":{"line":15,"column":66},"end":{"line":16,"column":5}}}},"branchMap":{"0":{"loc":{"start":{"line":15,"column":37},"end":{"line":15,"column":54}},"type":"cond-expr","locations":[{"start":{"line":15,"column":37},"end":{"line":15,"column":54}},{"start":{"line":15,"column":37},"end":{"line":15,"column":54}}]},"1":{"loc":{"start":{"line":15,"column":56},"end":{"line":15,"column":64}},"type":"cond-expr","locations":[{"start":{"line":15,"column":56},"end":{"line":15,"column":64}},{"start":{"line":15,"column":56},"end":{"line":15,"column":64}}]},"2":{"loc":{"start":{"line":19,"column":55},"end":{"line":19,"column":57}},"type":"cond-expr","locations":[{"start":{"line":19,"column":55},"end":{"line":19,"column":57}},{"start":{"line":19,"column":60},"end":{"line":19,"column":65}}]},"3":{"loc":{"start":{"line":19,"column":15},"end":{"line":19,"column":34}},"type":"binary-expr","locations":[{"start":{"line":19,"column":15},"end":{"line":19,"column":34}},{"start":{"line":19,"column":38},"end":{"line":19,"column":52}}]}},"s":{"0":0,"1":0,"2":0,"3":0,"4":0,"5":0,"6":0,"7":0,"8":0,"9":0,"10":0,"11":0,"12":0},"f":{"0":0,"1":0},"b":{"0":[0,0],"1":[0,0],"2":[0,0],"3":[0,0]}}
,"/Users/thomassullivan/code/heartpoints.org/src/frontEnd/forms/TextAreaForField.tsx": {"path":"/Users/thomassullivan/code/heartpoints.org/src/frontEnd/forms/TextAreaForField.tsx","statementMap":{"0":{"start":{"line":1,"column":0},"end":{"line":1,"column":31}},"1":{"start":{"line":2,"column":0},"end":{"line":2,"column":48}},"2":{"start":{"line":4,"column":13},"end":{"line":6,"column":null}},"3":{"start":{"line":6,"column":4},"end":{"line":6,"column":null}}},"fnMap":{"0":{"name":"(anonymous_3)","decl":{"start":{"line":5,"column":4},"end":{"line":5,"column":9}},"loc":{"start":{"line":5,"column":9},"end":{"line":6,"column":5}}}},"branchMap":{},"s":{"0":0,"1":0,"2":0,"3":0},"f":{"0":0},"b":{}}
,"/Users/thomassullivan/code/heartpoints.org/src/frontEnd/forms/fileUploadHandler.ts": {"path":"/Users/thomassullivan/code/heartpoints.org/src/frontEnd/forms/fileUploadHandler.ts","statementMap":{"0":{"start":{"line":1,"column":0},"end":{"line":1,"column":13}},"1":{"start":{"line":1,"column":13},"end":{"line":15,"column":2}},"2":{"start":{"line":1,"column":53},"end":{"line":15,"column":2}},"3":{"start":{"line":1,"column":65},"end":{"line":15,"column":2}},"4":{"start":{"line":2,"column":20},"end":{"line":2,"column":30}},"5":{"start":{"line":3,"column":10},"end":{"line":3,"column":36}},"6":{"start":{"line":4,"column":10},"end":{"line":4,"column":26}},"7":{"start":{"line":5,"column":4},"end":{"line":14,"column":null}},"8":{"start":{"line":6,"column":8},"end":{"line":12,"column":10}},"9":{"start":{"line":7,"column":12},"end":{"line":11,"column":null}},"10":{"start":{"line":8,"column":28},"end":{"line":8,"column":43}},"11":{"start":{"line":9,"column":16},"end":{"line":9,"column":31}},"12":{"start":{"line":10,"column":16},"end":{"line":10,"column":38}},"13":{"start":{"line":13,"column":8},"end":{"line":13,"column":35}}},"fnMap":{"0":{"name":"(anonymous_12)","decl":{"start":{"line":1,"column":33},"end":{"line":1,"column":49}},"loc":{"start":{"line":1,"column":49},"end":{"line":1,"column":60}}},"1":{"name":"(anonymous_13)","decl":{"start":{"line":1,"column":53},"end":{"line":1,"column":60}},"loc":{"start":{"line":1,"column":65},"end":{"line":15,"column":2}}},"2":{"name":"(anonymous_14)","decl":{"start":{"line":1,"column":65},"end":{"line":1,"column":null}},"loc":{"start":{"line":1,"column":65},"end":{"line":15,"column":2}}},"3":{"name":"(anonymous_16)","decl":{"start":{"line":6,"column":24},"end":{"line":6,"column":34}},"loc":{"start":{"line":6,"column":40},"end":{"line":12,"column":9}}}},"branchMap":{"0":{"loc":{"start":{"line":5,"column":4},"end":{"line":14,"column":null}},"type":"if","locations":[{"start":{"line":5,"column":4},"end":{"line":14,"column":null}},{"start":{"line":5,"column":4},"end":{"line":14,"column":null}}]},"1":{"loc":{"start":{"line":7,"column":12},"end":{"line":11,"column":null}},"type":"if","locations":[{"start":{"line":7,"column":12},"end":{"line":11,"column":null}},{"start":{"line":7,"column":12},"end":{"line":11,"column":null}}]}},"s":{"0":0,"1":0,"2":0,"3":0,"4":0,"5":0,"6":0,"7":0,"8":0,"9":0,"10":0,"11":0,"12":0,"13":0},"f":{"0":0,"1":0,"2":0,"3":0},"b":{"0":[0,0],"1":[0,0]}}
,"/Users/thomassullivan/code/heartpoints.org/src/frontEnd/forms/logoStyle.tsx": {"path":"/Users/thomassullivan/code/heartpoints.org/src/frontEnd/forms/logoStyle.tsx","statementMap":{"0":{"start":{"line":1,"column":13},"end":{"line":4,"column":2}}},"fnMap":{},"branchMap":{},"s":{"0":0},"f":{},"b":{}}
,"/Users/thomassullivan/code/heartpoints.org/src/frontEnd/forms/submitButtonStyle.ts": {"path":"/Users/thomassullivan/code/heartpoints.org/src/frontEnd/forms/submitButtonStyle.ts","statementMap":{"0":{"start":{"line":3,"column":13},"end":{"line":9,"column":2}}},"fnMap":{},"branchMap":{},"s":{"0":0},"f":{},"b":{}}
,"/Users/thomassullivan/code/heartpoints.org/src/frontEnd/forms/textChangeHandler.ts": {"path":"/Users/thomassullivan/code/heartpoints.org/src/frontEnd/forms/textChangeHandler.ts","statementMap":{"0":{"start":{"line":1,"column":13},"end":{"line":4,"column":null}},"1":{"start":{"line":3,"column":4},"end":{"line":4,"column":null}},"2":{"start":{"line":4,"column":4},"end":{"line":4,"column":null}}},"fnMap":{"0":{"name":"(anonymous_0)","decl":{"start":{"line":2,"column":4},"end":{"line":2,"column":20}},"loc":{"start":{"line":2,"column":20},"end":{"line":3,"column":5}}},"1":{"name":"(anonymous_1)","decl":{"start":{"line":3,"column":4},"end":{"line":3,"column":5}},"loc":{"start":{"line":3,"column":69},"end":{"line":4,"column":20}}}},"branchMap":{},"s":{"0":0,"1":0,"2":0},"f":{"0":0,"1":0},"b":{}}
,"/Users/thomassullivan/code/heartpoints.org/src/frontEnd/forms/viewEditToggleables/Image.tsx": {"path":"/Users/thomassullivan/code/heartpoints.org/src/frontEnd/forms/viewEditToggleables/Image.tsx","statementMap":{"0":{"start":{"line":1,"column":0},"end":{"line":1,"column":30}},"1":{"start":{"line":2,"column":0},"end":{"line":2,"column":41}},"2":{"start":{"line":3,"column":0},"end":{"line":3,"column":45}},"3":{"start":{"line":5,"column":13},"end":{"line":8,"column":null}},"4":{"start":{"line":5,"column":23},"end":{"line":5,"column":33}},"5":{"start":{"line":5,"column":35},"end":{"line":5,"column":40}},"6":{"start":{"line":5,"column":42},"end":{"line":5,"column":52}},"7":{"start":{"line":6,"column":4},"end":{"line":8,"column":null}}},"fnMap":{"0":{"name":"(anonymous_3)","decl":{"start":{"line":5,"column":21},"end":{"line":5,"column":22}},"loc":{"start":{"line":5,"column":54},"end":{"line":6,"column":9}}}},"branchMap":{"0":{"loc":{"start":{"line":5,"column":42},"end":{"line":5,"column":52}},"type":"cond-expr","locations":[{"start":{"line":5,"column":42},"end":{"line":5,"column":52}},{"start":{"line":5,"column":42},"end":{"line":5,"column":52}}]},"1":{"loc":{"start":{"line":7,"column":10},"end":{"line":7,"column":45}},"type":"cond-expr","locations":[{"start":{"line":7,"column":10},"end":{"line":7,"column":45}},{"start":{"line":8,"column":10},"end":{"line":8,"column":53}}]},"2":{"loc":{"start":{"line":6,"column":4},"end":{"line":6,"column":9}},"type":"binary-expr","locations":[{"start":{"line":6,"column":4},"end":{"line":6,"column":9}},{"start":{"line":6,"column":13},"end":{"line":6,"column":23}}]}},"s":{"0":0,"1":0,"2":0,"3":0,"4":0,"5":0,"6":0,"7":0},"f":{"0":0},"b":{"0":[0,0],"1":[0,0],"2":[0,0]}}
,"/Users/thomassullivan/code/heartpoints.org/src/frontEnd/forms/viewEditToggleables/Text.tsx": {"path":"/Users/thomassullivan/code/heartpoints.org/src/frontEnd/forms/viewEditToggleables/Text.tsx","statementMap":{"0":{"start":{"line":1,"column":0},"end":{"line":1,"column":30}},"1":{"start":{"line":2,"column":0},"end":{"line":2,"column":48}},"2":{"start":{"line":3,"column":0},"end":{"line":3,"column":54}},"3":{"start":{"line":5,"column":13},"end":{"line":13,"column":null}},"4":{"start":{"line":6,"column":11},"end":{"line":6,"column":21}},"5":{"start":{"line":6,"column":23},"end":{"line":6,"column":33}},"6":{"start":{"line":6,"column":35},"end":{"line":6,"column":40}},"7":{"start":{"line":6,"column":42},"end":{"line":6,"column":47}},"8":{"start":{"line":7,"column":4},"end":{"line":12,"column":null}}},"fnMap":{"0":{"name":"(anonymous_3)","decl":{"start":{"line":5,"column":20},"end":{"line":5,"column":21}},"loc":{"start":{"line":5,"column":26},"end":{"line":13,"column":1}}}},"branchMap":{"0":{"loc":{"start":{"line":8,"column":10},"end":{"line":10,"column":null}},"type":"cond-expr","locations":[{"start":{"line":8,"column":10},"end":{"line":10,"column":null}},{"start":{"line":12,"column":10},"end":{"line":12,"column":56}}]}},"s":{"0":0,"1":0,"2":0,"3":0,"4":0,"5":0,"6":0,"7":0,"8":0},"f":{"0":0},"b":{"0":[0,0]}}
,"/Users/thomassullivan/code/heartpoints.org/src/frontEnd/homePage/HomePage.tsx": {"path":"/Users/thomassullivan/code/heartpoints.org/src/frontEnd/homePage/HomePage.tsx","statementMap":{"0":{"start":{"line":1,"column":0},"end":{"line":1,"column":31}},"1":{"start":{"line":2,"column":0},"end":{"line":2,"column":64}},"2":{"start":{"line":3,"column":0},"end":{"line":3,"column":38}},"3":{"start":{"line":5,"column":23},"end":{"line":9,"column":null}},"4":{"start":{"line":11,"column":13},"end":{"line":21,"column":null}},"5":{"start":{"line":11,"column":30},"end":{"line":21,"column":null}}},"fnMap":{"0":{"name":"(anonymous_1)","decl":{"start":{"line":11,"column":24},"end":{"line":11,"column":30}},"loc":{"start":{"line":11,"column":24},"end":{"line":11,"column":31}}}},"branchMap":{},"s":{"0":0,"1":0,"2":0,"3":0,"4":0,"5":0},"f":{"0":0},"b":{}}
,"/Users/thomassullivan/code/heartpoints.org/src/frontEnd/json/JSONText.tsx": {"path":"/Users/thomassullivan/code/heartpoints.org/src/frontEnd/json/JSONText.tsx","statementMap":{"0":{"start":{"line":1,"column":0},"end":{"line":1,"column":31}},"1":{"start":{"line":4,"column":13},"end":{"line":4,"column":null}},"2":{"start":{"line":4,"column":44},"end":{"line":4,"column":null}}},"fnMap":{"0":{"name":"(anonymous_1)","decl":{"start":{"line":4,"column":24},"end":{"line":4,"column":25}},"loc":{"start":{"line":4,"column":39},"end":{"line":4,"column":50}}}},"branchMap":{},"s":{"0":0,"1":0,"2":0},"f":{"0":0},"b":{}}
,"/Users/thomassullivan/code/heartpoints.org/src/frontEnd/modals/CelebrationModal.tsx": {"path":"/Users/thomassullivan/code/heartpoints.org/src/frontEnd/modals/CelebrationModal.tsx","statementMap":{"0":{"start":{"line":1,"column":0},"end":{"line":1,"column":31}},"1":{"start":{"line":3,"column":0},"end":{"line":3,"column":36}},"2":{"start":{"line":4,"column":0},"end":{"line":4,"column":38}},"3":{"start":{"line":5,"column":0},"end":{"line":5,"column":75}},"4":{"start":{"line":6,"column":0},"end":{"line":6,"column":67}},"5":{"start":{"line":7,"column":0},"end":{"line":7,"column":65}},"6":{"start":{"line":8,"column":0},"end":{"line":8,"column":63}},"7":{"start":{"line":9,"column":0},"end":{"line":9,"column":45}},"8":{"start":{"line":10,"column":0},"end":{"line":10,"column":47}},"9":{"start":{"line":12,"column":13},"end":{"line":16,"column":null}},"10":{"start":{"line":18,"column":13},"end":{"line":23,"column":null}},"11":{"start":{"line":25,"column":13},"end":{"line":29,"column":null}},"12":{"start":{"line":36,"column":13},"end":{"line":83,"column":null}},"13":{"start":{"line":37,"column":12},"end":{"line":37,"column":28}},"14":{"start":{"line":37,"column":30},"end":{"line":37,"column":48}},"15":{"start":{"line":38,"column":27},"end":{"line":38,"column":50}},"16":{"start":{"line":39,"column":26},"end":{"line":45,"column":null}},"17":{"start":{"line":47,"column":4},"end":{"line":82,"column":null}}},"fnMap":{"0":{"name":"(anonymous_4)","decl":{"start":{"line":36,"column":32},"end":{"line":36,"column":33}},"loc":{"start":{"line":36,"column":61},"end":{"line":83,"column":1}}}},"branchMap":{},"s":{"0":0,"1":0,"2":0,"3":0,"4":0,"5":0,"6":0,"7":0,"8":0,"9":0,"10":0,"11":0,"12":0,"13":0,"14":0,"15":0,"16":0,"17":0},"f":{"0":0},"b":{}}
,"/Users/thomassullivan/code/heartpoints.org/src/frontEnd/modals/HPModal.tsx": {"path":"/Users/thomassullivan/code/heartpoints.org/src/frontEnd/modals/HPModal.tsx","statementMap":{"0":{"start":{"line":1,"column":0},"end":{"line":1,"column":31}},"1":{"start":{"line":2,"column":0},"end":{"line":2,"column":44}},"2":{"start":{"line":3,"column":0},"end":{"line":3,"column":64}},"3":{"start":{"line":4,"column":0},"end":{"line":4,"column":47}},"4":{"start":{"line":6,"column":13},"end":{"line":16,"column":null}},"5":{"start":{"line":26,"column":13},"end":{"line":44,"column":null}},"6":{"start":{"line":27,"column":4},"end":{"line":43,"column":null}}},"fnMap":{"0":{"name":"(anonymous_2)","decl":{"start":{"line":26,"column":23},"end":{"line":26,"column":24}},"loc":{"start":{"line":26,"column":43},"end":{"line":44,"column":1}}}},"branchMap":{},"s":{"0":0,"1":0,"2":0,"3":0,"4":0,"5":0,"6":0},"f":{"0":0},"b":{}}
,"/Users/thomassullivan/code/heartpoints.org/src/frontEnd/modals/initialModalsState.ts": {"path":"/Users/thomassullivan/code/heartpoints.org/src/frontEnd/modals/initialModalsState.ts","statementMap":{"0":{"start":{"line":1,"column":13},"end":{"line":3,"column":null}},"1":{"start":{"line":1,"column":40},"end":{"line":3,"column":null}}},"fnMap":{"0":{"name":"(anonymous_0)","decl":{"start":{"line":1,"column":34},"end":{"line":1,"column":40}},"loc":{"start":{"line":1,"column":34},"end":{"line":1,"column":41}}}},"branchMap":{},"s":{"0":0,"1":0},"f":{"0":0},"b":{}}
,"/Users/thomassullivan/code/heartpoints.org/src/frontEnd/modals/onCelebrationXClicked.ts": {"path":"/Users/thomassullivan/code/heartpoints.org/src/frontEnd/modals/onCelebrationXClicked.ts","statementMap":{"0":{"start":{"line":1,"column":13},"end":{"line":4,"column":3}},"1":{"start":{"line":1,"column":48},"end":{"line":4,"column":3}}},"fnMap":{"0":{"name":"(anonymous_2)","decl":{"start":{"line":1,"column":37},"end":{"line":1,"column":38}},"loc":{"start":{"line":1,"column":43},"end":{"line":1,"column":null}}}},"branchMap":{},"s":{"0":0,"1":0},"f":{"0":0},"b":{}}
,"/Users/thomassullivan/code/heartpoints.org/src/frontEnd/nav/CurrentRoute.tsx": {"path":"/Users/thomassullivan/code/heartpoints.org/src/frontEnd/nav/CurrentRoute.tsx","statementMap":{"0":{"start":{"line":1,"column":0},"end":{"line":1,"column":31}},"1":{"start":{"line":2,"column":0},"end":{"line":2,"column":38}},"2":{"start":{"line":3,"column":0},"end":{"line":3,"column":52}},"3":{"start":{"line":5,"column":13},"end":{"line":9,"column":34}},"4":{"start":{"line":7,"column":2},"end":{"line":9,"column":34}}},"fnMap":{"0":{"name":"(anonymous_1)","decl":{"start":{"line":6,"column":2},"end":{"line":6,"column":3}},"loc":{"start":{"line":6,"column":13},"end":{"line":7,"column":17}}}},"branchMap":{},"s":{"0":0,"1":0,"2":0,"3":0,"4":0},"f":{"0":0},"b":{}}
,"/Users/thomassullivan/code/heartpoints.org/src/frontEnd/nav/HeartpointsLogoAndName.tsx": {"path":"/Users/thomassullivan/code/heartpoints.org/src/frontEnd/nav/HeartpointsLogoAndName.tsx","statementMap":{"0":{"start":{"line":1,"column":0},"end":{"line":1,"column":31}},"1":{"start":{"line":2,"column":0},"end":{"line":2,"column":47}},"2":{"start":{"line":4,"column":18},"end":{"line":9,"column":null}},"3":{"start":{"line":11,"column":13},"end":{"line":16,"column":null}},"4":{"start":{"line":11,"column":41},"end":{"line":11,"column":56}},"5":{"start":{"line":11,"column":58},"end":{"line":11,"column":63}},"6":{"start":{"line":11,"column":70},"end":{"line":16,"column":null}},"7":{"start":{"line":12,"column":74},"end":{"line":12,"column":88}},"8":{"start":{"line":13,"column":114},"end":{"line":13,"column":null}}},"fnMap":{"0":{"name":"(anonymous_1)","decl":{"start":{"line":11,"column":38},"end":{"line":11,"column":39}},"loc":{"start":{"line":11,"column":65},"end":{"line":11,"column":71}}},"1":{"name":"(anonymous_2)","decl":{"start":{"line":12,"column":68},"end":{"line":12,"column":74}},"loc":{"start":{"line":12,"column":68},"end":{"line":12,"column":79}}},"2":{"name":"(anonymous_3)","decl":{"start":{"line":13,"column":108},"end":{"line":13,"column":114}},"loc":{"start":{"line":13,"column":108},"end":{"line":13,"column":119}}}},"branchMap":{},"s":{"0":0,"1":0,"2":0,"3":0,"4":0,"5":0,"6":0,"7":0,"8":0},"f":{"0":0,"1":0,"2":0},"b":{}}
,"/Users/thomassullivan/code/heartpoints.org/src/frontEnd/nav/NotFound.tsx": {"path":"/Users/thomassullivan/code/heartpoints.org/src/frontEnd/nav/NotFound.tsx","statementMap":{"0":{"start":{"line":1,"column":0},"end":{"line":1,"column":31}},"1":{"start":{"line":2,"column":0},"end":{"line":2,"column":36}},"2":{"start":{"line":3,"column":0},"end":{"line":3,"column":46}},"3":{"start":{"line":4,"column":0},"end":{"line":4,"column":53}},"4":{"start":{"line":6,"column":13},"end":{"line":12,"column":null}},"5":{"start":{"line":6,"column":30},"end":{"line":12,"column":null}},"6":{"start":{"line":9,"column":105},"end":{"line":9,"column":132}}},"fnMap":{"0":{"name":"(anonymous_1)","decl":{"start":{"line":6,"column":24},"end":{"line":6,"column":30}},"loc":{"start":{"line":6,"column":24},"end":{"line":6,"column":31}}},"1":{"name":"(anonymous_2)","decl":{"start":{"line":9,"column":99},"end":{"line":9,"column":105}},"loc":{"start":{"line":9,"column":99},"end":{"line":9,"column":112}}}},"branchMap":{},"s":{"0":0,"1":0,"2":0,"3":0,"4":0,"5":0,"6":0},"f":{"0":0,"1":0},"b":{}}
,"/Users/thomassullivan/code/heartpoints.org/src/frontEnd/nav/OtherRoutes.tsx": {"path":"/Users/thomassullivan/code/heartpoints.org/src/frontEnd/nav/OtherRoutes.tsx","statementMap":{"0":{"start":{"line":1,"column":0},"end":{"line":1,"column":31}},"1":{"start":{"line":3,"column":0},"end":{"line":3,"column":48}},"2":{"start":{"line":4,"column":0},"end":{"line":4,"column":79}},"3":{"start":{"line":5,"column":0},"end":{"line":5,"column":70}},"4":{"start":{"line":6,"column":0},"end":{"line":6,"column":54}},"5":{"start":{"line":8,"column":0},"end":{"line":8,"column":48}},"6":{"start":{"line":10,"column":13},"end":{"line":15,"column":70}},"7":{"start":{"line":10,"column":59},"end":{"line":15,"column":70}}},"fnMap":{"0":{"name":"(anonymous_3)","decl":{"start":{"line":10,"column":27},"end":{"line":10,"column":28}},"loc":{"start":{"line":10,"column":54},"end":{"line":10,"column":65}}}},"branchMap":{},"s":{"0":0,"1":0,"2":0,"3":0,"4":0,"5":0,"6":0,"7":0},"f":{"0":0},"b":{}}
,"/Users/thomassullivan/code/heartpoints.org/src/frontEnd/nav/PossibleNavBars.tsx": {"path":"/Users/thomassullivan/code/heartpoints.org/src/frontEnd/nav/PossibleNavBars.tsx","statementMap":{"0":{"start":{"line":1,"column":0},"end":{"line":1,"column":31}},"1":{"start":{"line":2,"column":0},"end":{"line":2,"column":34}},"2":{"start":{"line":3,"column":0},"end":{"line":3,"column":36}},"3":{"start":{"line":4,"column":0},"end":{"line":4,"column":33}},"4":{"start":{"line":6,"column":13},"end":{"line":12,"column":2}},"5":{"start":{"line":7,"column":10},"end":{"line":7,"column":19}},"6":{"start":{"line":8,"column":2},"end":{"line":11,"column":21}}},"fnMap":{"0":{"name":"(anonymous_3)","decl":{"start":{"line":6,"column":31},"end":{"line":6,"column":32}},"loc":{"start":{"line":6,"column":37},"end":{"line":12,"column":1}}}},"branchMap":{"0":{"loc":{"start":{"line":8,"column":21},"end":{"line":10,"column":null}},"type":"cond-expr","locations":[{"start":{"line":8,"column":21},"end":{"line":10,"column":null}},{"start":{"line":11,"column":16},"end":{"line":11,"column":20}}]}},"s":{"0":0,"1":0,"2":0,"3":0,"4":0,"5":0,"6":0},"f":{"0":0},"b":{"0":[0,0]}}
,"/Users/thomassullivan/code/heartpoints.org/src/frontEnd/nav/Routes.tsx": {"path":"/Users/thomassullivan/code/heartpoints.org/src/frontEnd/nav/Routes.tsx","statementMap":{"0":{"start":{"line":1,"column":0},"end":{"line":1,"column":61}},"1":{"start":{"line":2,"column":0},"end":{"line":2,"column":44}},"2":{"start":{"line":4,"column":13},"end":{"line":7,"column":2}},"3":{"start":{"line":4,"column":28},"end":{"line":7,"column":2}}},"fnMap":{"0":{"name":"(anonymous_0)","decl":{"start":{"line":4,"column":22},"end":{"line":4,"column":28}},"loc":{"start":{"line":4,"column":22},"end":{"line":4,"column":null}}}},"branchMap":{},"s":{"0":0,"1":0,"2":0,"3":0},"f":{"0":0},"b":{}}
,"/Users/thomassullivan/code/heartpoints.org/src/frontEnd/nav/SideNav.tsx": {"path":"/Users/thomassullivan/code/heartpoints.org/src/frontEnd/nav/SideNav.tsx","statementMap":{"0":{"start":{"line":1,"column":0},"end":{"line":1,"column":31}},"1":{"start":{"line":2,"column":0},"end":{"line":2,"column":138}},"2":{"start":{"line":4,"column":0},"end":{"line":4,"column":55}},"3":{"start":{"line":5,"column":0},"end":{"line":5,"column":51}},"4":{"start":{"line":6,"column":0},"end":{"line":6,"column":61}},"5":{"start":{"line":7,"column":0},"end":{"line":7,"column":59}},"6":{"start":{"line":8,"column":0},"end":{"line":8,"column":67}},"7":{"start":{"line":9,"column":0},"end":{"line":9,"column":47}},"8":{"start":{"line":10,"column":0},"end":{"line":10,"column":49}},"9":{"start":{"line":11,"column":0},"end":{"line":11,"column":51}},"10":{"start":{"line":12,"column":0},"end":{"line":12,"column":55}},"11":{"start":{"line":13,"column":0},"end":{"line":13,"column":55}},"12":{"start":{"line":15,"column":13},"end":{"line":75,"column":null}},"13":{"start":{"line":15,"column":33},"end":{"line":15,"column":38}},"14":{"start":{"line":15,"column":40},"end":{"line":15,"column":53}},"15":{"start":{"line":15,"column":55},"end":{"line":15,"column":72}},"16":{"start":{"line":15,"column":74},"end":{"line":15,"column":98}},"17":{"start":{"line":15,"column":100},"end":{"line":15,"column":107}},"18":{"start":{"line":15,"column":109},"end":{"line":15,"column":135}},"19":{"start":{"line":16,"column":4},"end":{"line":74,"column":null}},"20":{"start":{"line":32,"column":44},"end":{"line":32,"column":null}},"21":{"start":{"line":43,"column":72},"end":{"line":43,"column":null}},"22":{"start":{"line":49,"column":72},"end":{"line":49,"column":null}},"23":{"start":{"line":57,"column":44},"end":{"line":57,"column":null}},"24":{"start":{"line":61,"column":44},"end":{"line":61,"column":null}},"25":{"start":{"line":65,"column":44},"end":{"line":65,"column":null}},"26":{"start":{"line":69,"column":44},"end":{"line":69,"column":null}},"27":{"start":{"line":77,"column":20},"end":{"line":77,"column":23}},"28":{"start":{"line":79,"column":15},"end":{"line":79,"column":25}},"29":{"start":{"line":79,"column":24},"end":{"line":98,"column":3}},"30":{"start":{"line":100,"column":13},"end":{"line":100,"column":80}}},"fnMap":{"0":{"name":"(anonymous_4)","decl":{"start":{"line":15,"column":31},"end":{"line":15,"column":32}},"loc":{"start":{"line":15,"column":136},"end":{"line":75,"column":1}}},"1":{"name":"(anonymous_5)","decl":{"start":{"line":32,"column":38},"end":{"line":32,"column":44}},"loc":{"start":{"line":32,"column":38},"end":{"line":32,"column":49}}},"2":{"name":"(anonymous_6)","decl":{"start":{"line":43,"column":66},"end":{"line":43,"column":72}},"loc":{"start":{"line":43,"column":66},"end":{"line":43,"column":77}}},"3":{"name":"(anonymous_7)","decl":{"start":{"line":49,"column":66},"end":{"line":49,"column":72}},"loc":{"start":{"line":49,"column":66},"end":{"line":49,"column":77}}},"4":{"name":"(anonymous_8)","decl":{"start":{"line":57,"column":38},"end":{"line":57,"column":44}},"loc":{"start":{"line":57,"column":38},"end":{"line":57,"column":49}}},"5":{"name":"(anonymous_9)","decl":{"start":{"line":61,"column":38},"end":{"line":61,"column":44}},"loc":{"start":{"line":61,"column":38},"end":{"line":61,"column":49}}},"6":{"name":"(anonymous_10)","decl":{"start":{"line":65,"column":38},"end":{"line":65,"column":44}},"loc":{"start":{"line":65,"column":38},"end":{"line":65,"column":49}}},"7":{"name":"(anonymous_11)","decl":{"start":{"line":69,"column":38},"end":{"line":69,"column":44}},"loc":{"start":{"line":69,"column":38},"end":{"line":69,"column":49}}},"8":{"name":"(anonymous_12)","decl":{"start":{"line":79,"column":15},"end":{"line":79,"column":20}},"loc":{"start":{"line":79,"column":20},"end":{"line":79,"column":25}}}},"branchMap":{"0":{"loc":{"start":{"line":39,"column":35},"end":{"line":39,"column":49}},"type":"cond-expr","locations":[{"start":{"line":39,"column":35},"end":{"line":39,"column":49}},{"start":{"line":39,"column":52},"end":{"line":39,"column":66}}]}},"s":{"0":0,"1":0,"2":0,"3":0,"4":0,"5":0,"6":0,"7":0,"8":0,"9":0,"10":0,"11":0,"12":0,"13":0,"14":0,"15":0,"16":0,"17":0,"18":0,"19":0,"20":0,"21":0,"22":0,"23":0,"24":0,"25":0,"26":0,"27":0,"28":0,"29":0,"30":0},"f":{"0":0,"1":0,"2":0,"3":0,"4":0,"5":0,"6":0,"7":0,"8":0},"b":{"0":[0,0]}}
,"/Users/thomassullivan/code/heartpoints.org/src/frontEnd/nav/TopNav.tsx": {"path":"/Users/thomassullivan/code/heartpoints.org/src/frontEnd/nav/TopNav.tsx","statementMap":{"0":{"start":{"line":1,"column":0},"end":{"line":1,"column":31}},"1":{"start":{"line":2,"column":0},"end":{"line":2,"column":89}},"2":{"start":{"line":3,"column":0},"end":{"line":3,"column":70}},"3":{"start":{"line":4,"column":0},"end":{"line":4,"column":47}},"4":{"start":{"line":5,"column":0},"end":{"line":5,"column":36}},"5":{"start":{"line":6,"column":0},"end":{"line":6,"column":34}},"6":{"start":{"line":7,"column":0},"end":{"line":7,"column":66}},"7":{"start":{"line":9,"column":13},"end":{"line":29,"column":null}},"8":{"start":{"line":10,"column":12},"end":{"line":10,"column":19}},"9":{"start":{"line":10,"column":21},"end":{"line":10,"column":39}},"10":{"start":{"line":10,"column":41},"end":{"line":10,"column":54}},"11":{"start":{"line":10,"column":56},"end":{"line":10,"column":61}},"12":{"start":{"line":11,"column":12},"end":{"line":11,"column":16}},"13":{"start":{"line":11,"column":18},"end":{"line":11,"column":22}},"14":{"start":{"line":11,"column":24},"end":{"line":11,"column":30}},"15":{"start":{"line":11,"column":32},"end":{"line":11,"column":43}},"16":{"start":{"line":13,"column":28},"end":{"line":15,"column":null}},"17":{"start":{"line":18,"column":31},"end":{"line":18,"column":68}},"18":{"start":{"line":20,"column":4},"end":{"line":28,"column":null}},"19":{"start":{"line":31,"column":13},"end":{"line":31,"column":57}}},"fnMap":{"0":{"name":"(anonymous_4)","decl":{"start":{"line":9,"column":30},"end":{"line":9,"column":35}},"loc":{"start":{"line":9,"column":35},"end":{"line":29,"column":1}}}},"branchMap":{},"s":{"0":0,"1":0,"2":0,"3":0,"4":0,"5":0,"6":0,"7":0,"8":0,"9":0,"10":0,"11":0,"12":0,"13":0,"14":0,"15":0,"16":0,"17":0,"18":0,"19":0},"f":{"0":0},"b":{}}
,"/Users/thomassullivan/code/heartpoints.org/src/frontEnd/nav/allRoutesSwitch.tsx": {"path":"/Users/thomassullivan/code/heartpoints.org/src/frontEnd/nav/allRoutesSwitch.tsx","statementMap":{"0":{"start":{"line":1,"column":0},"end":{"line":1,"column":51}},"1":{"start":{"line":2,"column":0},"end":{"line":2,"column":34}},"2":{"start":{"line":5,"column":13},"end":{"line":10,"column":null}},"3":{"start":{"line":7,"column":4},"end":{"line":10,"column":null}},"4":{"start":{"line":8,"column":37},"end":{"line":8,"column":null}}},"fnMap":{"0":{"name":"(anonymous_0)","decl":{"start":{"line":6,"column":4},"end":{"line":6,"column":5}},"loc":{"start":{"line":6,"column":15},"end":{"line":7,"column":10}}},"1":{"name":"(anonymous_1)","decl":{"start":{"line":8,"column":8},"end":{"line":8,"column":9}},"loc":{"start":{"line":8,"column":32},"end":{"line":8,"column":52}}}},"branchMap":{},"s":{"0":0,"1":0,"2":0,"3":0,"4":0},"f":{"0":0,"1":0},"b":{}}
,"/Users/thomassullivan/code/heartpoints.org/src/frontEnd/nav/history.ts": {"path":"/Users/thomassullivan/code/heartpoints.org/src/frontEnd/nav/history.ts","statementMap":{"0":{"start":{"line":1,"column":0},"end":{"line":1,"column":47}},"1":{"start":{"line":2,"column":0},"end":{"line":2,"column":27}},"2":{"start":{"line":4,"column":13},"end":{"line":4,"column":null}}},"fnMap":{},"branchMap":{},"s":{"0":0,"1":0,"2":0},"f":{},"b":{}}
,"/Users/thomassullivan/code/heartpoints.org/src/frontEnd/nav/initialNavState.ts": {"path":"/Users/thomassullivan/code/heartpoints.org/src/frontEnd/nav/initialNavState.ts","statementMap":{"0":{"start":{"line":1,"column":0},"end":{"line":1,"column":42}},"1":{"start":{"line":3,"column":13},"end":{"line":7,"column":null}},"2":{"start":{"line":3,"column":37},"end":{"line":7,"column":null}}},"fnMap":{"0":{"name":"(anonymous_0)","decl":{"start":{"line":3,"column":31},"end":{"line":3,"column":37}},"loc":{"start":{"line":3,"column":31},"end":{"line":3,"column":38}}}},"branchMap":{},"s":{"0":0,"1":0,"2":0},"f":{"0":0},"b":{}}
,"/Users/thomassullivan/code/heartpoints.org/src/frontEnd/nav/navTo.ts": {"path":"/Users/thomassullivan/code/heartpoints.org/src/frontEnd/nav/navTo.ts","statementMap":{"0":{"start":{"line":1,"column":0},"end":{"line":1,"column":36}},"1":{"start":{"line":4,"column":13},"end":{"line":11,"column":2}},"2":{"start":{"line":4,"column":43},"end":{"line":4,"column":null}},"3":{"start":{"line":5,"column":16},"end":{"line":5,"column":39}},"4":{"start":{"line":8,"column":4},"end":{"line":8,"column":48}},"5":{"start":{"line":8,"column":27},"end":{"line":8,"column":48}},"6":{"start":{"line":10,"column":4},"end":{"line":10,"column":29}}},"fnMap":{"0":{"name":"(anonymous_2)","decl":{"start":{"line":4,"column":21},"end":{"line":4,"column":22}},"loc":{"start":{"line":4,"column":76},"end":{"line":11,"column":1}}}},"branchMap":{"0":{"loc":{"start":{"line":4,"column":43},"end":{"line":4,"column":null}},"type":"if","locations":[{"start":{"line":4,"column":43},"end":{"line":4,"column":null}},{"start":{"line":4,"column":43},"end":{"line":4,"column":null}}]},"1":{"loc":{"start":{"line":8,"column":4},"end":{"line":8,"column":48}},"type":"if","locations":[{"start":{"line":8,"column":4},"end":{"line":8,"column":48}},{"start":{"line":8,"column":4},"end":{"line":8,"column":48}}]}},"s":{"0":0,"1":0,"2":0,"3":0,"4":0,"5":0,"6":0},"f":{"0":0},"b":{"0":[0,0],"1":[0,0]}}
,"/Users/thomassullivan/code/heartpoints.org/src/frontEnd/nav/onHamburgerClicked.ts": {"path":"/Users/thomassullivan/code/heartpoints.org/src/frontEnd/nav/onHamburgerClicked.ts","statementMap":{"0":{"start":{"line":1,"column":13},"end":{"line":4,"column":3}},"1":{"start":{"line":1,"column":45},"end":{"line":4,"column":3}}},"fnMap":{"0":{"name":"(anonymous_2)","decl":{"start":{"line":1,"column":34},"end":{"line":1,"column":35}},"loc":{"start":{"line":1,"column":40},"end":{"line":1,"column":null}}}},"branchMap":{},"s":{"0":0,"1":0},"f":{"0":0},"b":{}}
,"/Users/thomassullivan/code/heartpoints.org/src/frontEnd/nav/onSideNavCollapseRequested.ts": {"path":"/Users/thomassullivan/code/heartpoints.org/src/frontEnd/nav/onSideNavCollapseRequested.ts","statementMap":{"0":{"start":{"line":1,"column":13},"end":{"line":4,"column":3}},"1":{"start":{"line":1,"column":53},"end":{"line":4,"column":3}}},"fnMap":{"0":{"name":"(anonymous_2)","decl":{"start":{"line":1,"column":42},"end":{"line":1,"column":43}},"loc":{"start":{"line":1,"column":48},"end":{"line":1,"column":null}}}},"branchMap":{},"s":{"0":0,"1":0},"f":{"0":0},"b":{}}
,"/Users/thomassullivan/code/heartpoints.org/src/frontEnd/nav/onSideNavExpandRequested.ts": {"path":"/Users/thomassullivan/code/heartpoints.org/src/frontEnd/nav/onSideNavExpandRequested.ts","statementMap":{"0":{"start":{"line":1,"column":13},"end":{"line":4,"column":3}},"1":{"start":{"line":1,"column":51},"end":{"line":4,"column":3}}},"fnMap":{"0":{"name":"(anonymous_2)","decl":{"start":{"line":1,"column":40},"end":{"line":1,"column":41}},"loc":{"start":{"line":1,"column":46},"end":{"line":1,"column":null}}}},"branchMap":{},"s":{"0":0,"1":0},"f":{"0":0},"b":{}}
,"/Users/thomassullivan/code/heartpoints.org/src/frontEnd/nav/styles.ts": {"path":"/Users/thomassullivan/code/heartpoints.org/src/frontEnd/nav/styles.ts","statementMap":{"0":{"start":{"line":1,"column":0},"end":{"line":1,"column":50}},"1":{"start":{"line":3,"column":13},"end":{"line":25,"column":3}},"2":{"start":{"line":3,"column":31},"end":{"line":25,"column":3}}},"fnMap":{"0":{"name":"(anonymous_0)","decl":{"start":{"line":3,"column":22},"end":{"line":3,"column":27}},"loc":{"start":{"line":3,"column":27},"end":{"line":3,"column":32}}}},"branchMap":{},"s":{"0":0,"1":0,"2":0},"f":{"0":0},"b":{}}
,"/Users/thomassullivan/code/heartpoints.org/src/frontEnd/nav/updateStateToUseOnBackAndForwardNav.ts": {"path":"/Users/thomassullivan/code/heartpoints.org/src/frontEnd/nav/updateStateToUseOnBackAndForwardNav.ts","statementMap":{"0":{"start":{"line":1,"column":0},"end":{"line":1,"column":36}},"1":{"start":{"line":2,"column":0},"end":{"line":2,"column":32}},"2":{"start":{"line":3,"column":0},"end":{"line":3,"column":47}},"3":{"start":{"line":5,"column":0},"end":{"line":5,"column":57}},"4":{"start":{"line":8,"column":11},"end":{"line":8,"column":66}},"5":{"start":{"line":9,"column":13},"end":{"line":14,"column":2}},"6":{"start":{"line":10,"column":4},"end":{"line":10,"column":30}},"7":{"start":{"line":11,"column":4},"end":{"line":13,"column":7}},"8":{"start":{"line":12,"column":8},"end":{"line":12,"column":76}}},"fnMap":{"0":{"name":"(anonymous_0)","decl":{"start":{"line":9,"column":51},"end":{"line":9,"column":55}},"loc":{"start":{"line":9,"column":62},"end":{"line":14,"column":1}}},"1":{"name":"(anonymous_1)","decl":{"start":{"line":11,"column":47},"end":{"line":11,"column":48}},"loc":{"start":{"line":11,"column":64},"end":{"line":13,"column":5}}}},"branchMap":{"0":{"loc":{"start":{"line":12,"column":8},"end":{"line":12,"column":23}},"type":"binary-expr","locations":[{"start":{"line":12,"column":8},"end":{"line":12,"column":23}},{"start":{"line":12,"column":27},"end":{"line":12,"column":75}}]}},"s":{"0":0,"1":0,"2":0,"3":0,"4":0,"5":0,"6":0,"7":0,"8":0},"f":{"0":0,"1":0},"b":{"0":[0,0]}}
,"/Users/thomassullivan/code/heartpoints.org/src/frontEnd/organizations/data/defaultOrgLogoSrc.ts": {"path":"/Users/thomassullivan/code/heartpoints.org/src/frontEnd/organizations/data/defaultOrgLogoSrc.ts","statementMap":{"0":{"start":{"line":1,"column":13},"end":{"line":1,"column":74}}},"fnMap":{},"branchMap":{},"s":{"0":0},"f":{},"b":{}}
,"/Users/thomassullivan/code/heartpoints.org/src/frontEnd/organizations/data/defaultOrganizations.ts": {"path":"/Users/thomassullivan/code/heartpoints.org/src/frontEnd/organizations/data/defaultOrganizations.ts","statementMap":{"0":{"start":{"line":3,"column":13},"end":{"line":36,"column":2}}},"fnMap":{},"branchMap":{},"s":{"0":0},"f":{},"b":{}}
,"/Users/thomassullivan/code/heartpoints.org/src/frontEnd/organizations/data/findOrgByHref.ts": {"path":"/Users/thomassullivan/code/heartpoints.org/src/frontEnd/organizations/data/findOrgByHref.ts","statementMap":{"0":{"start":{"line":1,"column":0},"end":{"line":1,"column":48}},"1":{"start":{"line":5,"column":4},"end":{"line":5,"column":58}},"2":{"start":{"line":5,"column":42},"end":{"line":5,"column":57}},"3":{"start":{"line":4,"column":0},"end":{"line":4,"column":16}}},"fnMap":{"0":{"name":"findOrgByHref","decl":{"start":{"line":4,"column":16},"end":{"line":4,"column":29}},"loc":{"start":{"line":4,"column":73},"end":{"line":6,"column":1}}},"1":{"name":"(anonymous_1)","decl":{"start":{"line":5,"column":37},"end":{"line":5,"column":38}},"loc":{"start":{"line":5,"column":38},"end":{"line":5,"column":43}}}},"branchMap":{},"s":{"0":0,"1":0,"2":0,"3":0},"f":{"0":0,"1":0},"b":{}}
,"/Users/thomassullivan/code/heartpoints.org/src/frontEnd/organizations/data/initialOrganization.ts": {"path":"/Users/thomassullivan/code/heartpoints.org/src/frontEnd/organizations/data/initialOrganization.ts","statementMap":{"0":{"start":{"line":1,"column":13},"end":{"line":8,"column":null}},"1":{"start":{"line":1,"column":41},"end":{"line":8,"column":null}}},"fnMap":{"0":{"name":"(anonymous_0)","decl":{"start":{"line":1,"column":35},"end":{"line":1,"column":41}},"loc":{"start":{"line":1,"column":35},"end":{"line":1,"column":42}}}},"branchMap":{},"s":{"0":0,"1":0},"f":{"0":0},"b":{}}
,"/Users/thomassullivan/code/heartpoints.org/src/frontEnd/organizations/data/initialOrgsState.ts": {"path":"/Users/thomassullivan/code/heartpoints.org/src/frontEnd/organizations/data/initialOrgsState.ts","statementMap":{"0":{"start":{"line":1,"column":0},"end":{"line":1,"column":60}},"1":{"start":{"line":2,"column":0},"end":{"line":2,"column":62}},"2":{"start":{"line":4,"column":13},"end":{"line":7,"column":null}},"3":{"start":{"line":4,"column":38},"end":{"line":7,"column":null}}},"fnMap":{"0":{"name":"(anonymous_0)","decl":{"start":{"line":4,"column":32},"end":{"line":4,"column":38}},"loc":{"start":{"line":4,"column":32},"end":{"line":4,"column":39}}}},"branchMap":{},"s":{"0":0,"1":0,"2":0,"3":0},"f":{"0":0},"b":{}}
,"/Users/thomassullivan/code/heartpoints.org/src/frontEnd/organizations/data/orgHrefFromEditUrl.ts": {"path":"/Users/thomassullivan/code/heartpoints.org/src/frontEnd/organizations/data/orgHrefFromEditUrl.ts","statementMap":{"0":{"start":{"line":1,"column":13},"end":{"line":7,"column":null}},"1":{"start":{"line":3,"column":34},"end":{"line":3,"column":55}},"2":{"start":{"line":4,"column":8},"end":{"line":6,"column":null}}},"fnMap":{"0":{"name":"(anonymous_0)","decl":{"start":{"line":2,"column":4},"end":{"line":2,"column":5}},"loc":{"start":{"line":2,"column":16},"end":{"line":7,"column":5}}}},"branchMap":{"0":{"loc":{"start":{"line":5,"column":14},"end":{"line":5,"column":18}},"type":"cond-expr","locations":[{"start":{"line":5,"column":14},"end":{"line":5,"column":18}},{"start":{"line":6,"column":14},"end":{"line":6,"column":50}}]}},"s":{"0":0,"1":0,"2":0},"f":{"0":0},"b":{"0":[0,0]}}
,"/Users/thomassullivan/code/heartpoints.org/src/frontEnd/organizations/react/CreateOrganization.tsx": {"path":"/Users/thomassullivan/code/heartpoints.org/src/frontEnd/organizations/react/CreateOrganization.tsx","statementMap":{"0":{"start":{"line":1,"column":0},"end":{"line":1,"column":31}},"1":{"start":{"line":2,"column":0},"end":{"line":2,"column":42}},"2":{"start":{"line":3,"column":0},"end":{"line":3,"column":74}},"3":{"start":{"line":4,"column":0},"end":{"line":4,"column":39}},"4":{"start":{"line":5,"column":0},"end":{"line":5,"column":48}},"5":{"start":{"line":6,"column":0},"end":{"line":6,"column":49}},"6":{"start":{"line":7,"column":0},"end":{"line":7,"column":41}},"7":{"start":{"line":8,"column":0},"end":{"line":8,"column":83}},"8":{"start":{"line":10,"column":13},"end":{"line":20,"column":null}},"9":{"start":{"line":11,"column":12},"end":{"line":11,"column":22}},"10":{"start":{"line":11,"column":24},"end":{"line":11,"column":42}},"11":{"start":{"line":11,"column":44},"end":{"line":11,"column":89}},"12":{"start":{"line":12,"column":12},"end":{"line":12,"column":17}},"13":{"start":{"line":13,"column":19},"end":{"line":13,"column":54}},"14":{"start":{"line":14,"column":4},"end":{"line":19,"column":null}},"15":{"start":{"line":17,"column":61},"end":{"line":17,"column":90}}},"fnMap":{"0":{"name":"(anonymous_3)","decl":{"start":{"line":10,"column":34},"end":{"line":10,"column":35}},"loc":{"start":{"line":10,"column":40},"end":{"line":20,"column":1}}},"1":{"name":"(anonymous_4)","decl":{"start":{"line":17,"column":55},"end":{"line":17,"column":61}},"loc":{"start":{"line":17,"column":55},"end":{"line":17,"column":79}}}},"branchMap":{"0":{"loc":{"start":{"line":11,"column":44},"end":{"line":11,"column":89}},"type":"cond-expr","locations":[{"start":{"line":11,"column":44},"end":{"line":11,"column":89}},{"start":{"line":11,"column":44},"end":{"line":11,"column":89}}]}},"s":{"0":0,"1":0,"2":0,"3":0,"4":0,"5":0,"6":0,"7":0,"8":0,"9":0,"10":0,"11":0,"12":0,"13":0,"14":0,"15":0},"f":{"0":0,"1":0},"b":{"0":[0,0]}}
,"/Users/thomassullivan/code/heartpoints.org/src/frontEnd/organizations/react/EditLoadedOrganization.tsx": {"path":"/Users/thomassullivan/code/heartpoints.org/src/frontEnd/organizations/react/EditLoadedOrganization.tsx","statementMap":{"0":{"start":{"line":1,"column":0},"end":{"line":1,"column":31}},"1":{"start":{"line":2,"column":0},"end":{"line":2,"column":42}},"2":{"start":{"line":3,"column":0},"end":{"line":3,"column":48}},"3":{"start":{"line":4,"column":0},"end":{"line":4,"column":49}},"4":{"start":{"line":5,"column":0},"end":{"line":5,"column":41}},"5":{"start":{"line":7,"column":13},"end":{"line":12,"column":null}},"6":{"start":{"line":7,"column":41},"end":{"line":7,"column":50}},"7":{"start":{"line":7,"column":57},"end":{"line":12,"column":null}},"8":{"start":{"line":10,"column":50},"end":{"line":10,"column":68}}},"fnMap":{"0":{"name":"(anonymous_3)","decl":{"start":{"line":7,"column":38},"end":{"line":7,"column":39}},"loc":{"start":{"line":7,"column":52},"end":{"line":7,"column":58}}},"1":{"name":"(anonymous_4)","decl":{"start":{"line":10,"column":44},"end":{"line":10,"column":50}},"loc":{"start":{"line":10,"column":44},"end":{"line":10,"column":57}}}},"branchMap":{},"s":{"0":0,"1":0,"2":0,"3":0,"4":0,"5":0,"6":0,"7":0,"8":0},"f":{"0":0,"1":0},"b":{}}
,"/Users/thomassullivan/code/heartpoints.org/src/frontEnd/organizations/react/EditOrganization.tsx": {"path":"/Users/thomassullivan/code/heartpoints.org/src/frontEnd/organizations/react/EditOrganization.tsx","statementMap":{"0":{"start":{"line":1,"column":0},"end":{"line":1,"column":31}},"1":{"start":{"line":2,"column":0},"end":{"line":2,"column":76}},"2":{"start":{"line":3,"column":0},"end":{"line":3,"column":39}},"3":{"start":{"line":4,"column":0},"end":{"line":4,"column":64}},"4":{"start":{"line":5,"column":0},"end":{"line":5,"column":54}},"5":{"start":{"line":6,"column":0},"end":{"line":6,"column":60}},"6":{"start":{"line":7,"column":0},"end":{"line":7,"column":66}},"7":{"start":{"line":13,"column":13},"end":{"line":24,"column":null}},"8":{"start":{"line":14,"column":12},"end":{"line":14,"column":22}},"9":{"start":{"line":14,"column":24},"end":{"line":14,"column":27}},"10":{"start":{"line":14,"column":29},"end":{"line":14,"column":42}},"11":{"start":{"line":15,"column":20},"end":{"line":15,"column":48}},"12":{"start":{"line":17,"column":20},"end":{"line":19,"column":48}},"13":{"start":{"line":18,"column":15},"end":{"line":18,"column":19}},"14":{"start":{"line":18,"column":25},"end":{"line":18,"column":105}},"15":{"start":{"line":21,"column":4},"end":{"line":23,"column":null}}},"fnMap":{"0":{"name":"(anonymous_1)","decl":{"start":{"line":13,"column":32},"end":{"line":13,"column":39}},"loc":{"start":{"line":13,"column":72},"end":{"line":24,"column":1}}},"1":{"name":"(anonymous_2)","decl":{"start":{"line":18,"column":13},"end":{"line":18,"column":14}},"loc":{"start":{"line":18,"column":20},"end":{"line":18,"column":26}}}},"branchMap":{},"s":{"0":0,"1":0,"2":0,"3":0,"4":0,"5":0,"6":0,"7":0,"8":0,"9":0,"10":0,"11":0,"12":0,"13":0,"14":0,"15":0},"f":{"0":0,"1":0},"b":{}}
,"/Users/thomassullivan/code/heartpoints.org/src/frontEnd/organizations/react/LoadedOrganization.tsx": {"path":"/Users/thomassullivan/code/heartpoints.org/src/frontEnd/organizations/react/LoadedOrganization.tsx","statementMap":{"0":{"start":{"line":1,"column":0},"end":{"line":1,"column":31}},"1":{"start":{"line":3,"column":0},"end":{"line":3,"column":54}},"2":{"start":{"line":4,"column":0},"end":{"line":4,"column":49}},"3":{"start":{"line":5,"column":0},"end":{"line":5,"column":53}},"4":{"start":{"line":6,"column":0},"end":{"line":6,"column":41}},"5":{"start":{"line":7,"column":0},"end":{"line":7,"column":62}},"6":{"start":{"line":8,"column":0},"end":{"line":8,"column":62}},"7":{"start":{"line":13,"column":13},"end":{"line":27,"column":null}},"8":{"start":{"line":13,"column":37},"end":{"line":13,"column":49}},"9":{"start":{"line":13,"column":51},"end":{"line":13,"column":56}},"10":{"start":{"line":13,"column":58},"end":{"line":13,"column":65}},"11":{"start":{"line":13,"column":67},"end":{"line":13,"column":84}},"12":{"start":{"line":13,"column":86},"end":{"line":13,"column":94}},"13":{"start":{"line":13,"column":96},"end":{"line":13,"column":101}},"14":{"start":{"line":13,"column":103},"end":{"line":13,"column":107}},"15":{"start":{"line":13,"column":138},"end":{"line":27,"column":null}},"16":{"start":{"line":19,"column":70},"end":{"line":19,"column":92}}},"fnMap":{"0":{"name":"(anonymous_3)","decl":{"start":{"line":13,"column":34},"end":{"line":13,"column":35}},"loc":{"start":{"line":13,"column":133},"end":{"line":13,"column":null}}},"1":{"name":"(anonymous_4)","decl":{"start":{"line":19,"column":64},"end":{"line":19,"column":70}},"loc":{"start":{"line":19,"column":64},"end":{"line":19,"column":75}}}},"branchMap":{"0":{"loc":{"start":{"line":16,"column":34},"end":{"line":16,"column":51}},"type":"binary-expr","locations":[{"start":{"line":16,"column":34},"end":{"line":16,"column":51}},{"start":{"line":16,"column":55},"end":{"line":16,"column":72}}]},"1":{"loc":{"start":{"line":20,"column":13},"end":{"line":20,"column":21}},"type":"binary-expr","locations":[{"start":{"line":20,"column":13},"end":{"line":20,"column":21}},{"start":{"line":20,"column":25},"end":{"line":20,"column":128}}]},"2":{"loc":{"start":{"line":24,"column":5},"end":{"line":24,"column":12}},"type":"binary-expr","locations":[{"start":{"line":24,"column":5},"end":{"line":24,"column":12}},{"start":{"line":24,"column":16},"end":{"line":24,"column":92}}]}},"s":{"0":0,"1":0,"2":0,"3":0,"4":0,"5":0,"6":0,"7":0,"8":0,"9":0,"10":0,"11":0,"12":0,"13":0,"14":0,"15":0,"16":0},"f":{"0":0,"1":0},"b":{"0":[0,0],"1":[0,0],"2":[0,0]}}
,"/Users/thomassullivan/code/heartpoints.org/src/frontEnd/organizations/react/MissingOrganization.tsx": {"path":"/Users/thomassullivan/code/heartpoints.org/src/frontEnd/organizations/react/MissingOrganization.tsx","statementMap":{"0":{"start":{"line":1,"column":0},"end":{"line":1,"column":31}},"1":{"start":{"line":2,"column":0},"end":{"line":2,"column":49}},"2":{"start":{"line":4,"column":13},"end":{"line":4,"column":null}},"3":{"start":{"line":4,"column":41},"end":{"line":4,"column":null}}},"fnMap":{"0":{"name":"(anonymous_1)","decl":{"start":{"line":4,"column":35},"end":{"line":4,"column":41}},"loc":{"start":{"line":4,"column":35},"end":{"line":4,"column":42}}}},"branchMap":{},"s":{"0":0,"1":0,"2":0,"3":0},"f":{"0":0},"b":{}}
,"/Users/thomassullivan/code/heartpoints.org/src/frontEnd/organizations/react/OrgAddEdit.tsx": {"path":"/Users/thomassullivan/code/heartpoints.org/src/frontEnd/organizations/react/OrgAddEdit.tsx","statementMap":{"0":{"start":{"line":1,"column":0},"end":{"line":1,"column":31}},"1":{"start":{"line":3,"column":0},"end":{"line":3,"column":58}},"2":{"start":{"line":4,"column":0},"end":{"line":4,"column":64}},"3":{"start":{"line":5,"column":0},"end":{"line":5,"column":54}},"4":{"start":{"line":6,"column":0},"end":{"line":6,"column":41}},"5":{"start":{"line":8,"column":13},"end":{"line":17,"column":null}},"6":{"start":{"line":9,"column":12},"end":{"line":9,"column":17}},"7":{"start":{"line":9,"column":19},"end":{"line":9,"column":27}},"8":{"start":{"line":9,"column":29},"end":{"line":9,"column":36}},"9":{"start":{"line":9,"column":38},"end":{"line":9,"column":55}},"10":{"start":{"line":10,"column":4},"end":{"line":16,"column":null}}},"fnMap":{"0":{"name":"(anonymous_3)","decl":{"start":{"line":8,"column":26},"end":{"line":8,"column":27}},"loc":{"start":{"line":8,"column":32},"end":{"line":17,"column":1}}}},"branchMap":{},"s":{"0":0,"1":0,"2":0,"3":0,"4":0,"5":0,"6":0,"7":0,"8":0,"9":0,"10":0},"f":{"0":0},"b":{}}
[...]
,"/Users/thomassullivan/code/heartpoints.org/src/webServer/config/staticContentPathsRelativeToProjectRootFolder.ts": {"path":"/Users/thomassullivan/code/heartpoints.org/src/webServer/config/staticContentPathsRelativeToProjectRootFolder.ts","statementMap":{"0":{"start":{"line":1,"column":0},"end":{"line":1,"column":113}},"1":{"start":{"line":2,"column":0},"end":{"line":2,"column":57}},"2":{"start":{"line":4,"column":13},"end":{"line":4,"column":null}}},"fnMap":{},"branchMap":{},"s":{"0":0,"1":0,"2":0},"f":{},"b":{}}
,"/Users/thomassullivan/code/heartpoints.org/src/webServer/config/webpackedContentPath.ts": {"path":"/Users/thomassullivan/code/heartpoints.org/src/webServer/config/webpackedContentPath.ts","statementMap":{"0":{"start":{"line":1,"column":13},"end":{"line":1,"column":null}}},"fnMap":{},"branchMap":{},"s":{"0":0},"f":{},"b":{}}
,"/Users/thomassullivan/code/heartpoints.org/src/webServer/middleware/commitShaHeaderMiddleware.ts": {"path":"/Users/thomassullivan/code/heartpoints.org/src/webServer/middleware/commitShaHeaderMiddleware.ts","statementMap":{"0":{"start":{"line":1,"column":0},"end":{"line":1,"column":47}},"1":{"start":{"line":4,"column":13},"end":{"line":7,"column":null}},"2":{"start":{"line":5,"column":4},"end":{"line":5,"column":null}},"3":{"start":{"line":6,"column":4},"end":{"line":6,"column":null}}},"fnMap":{"0":{"name":"(anonymous_0)","decl":{"start":{"line":4,"column":59},"end":{"line":4,"column":60}},"loc":{"start":{"line":4,"column":83},"end":{"line":7,"column":1}}}},"branchMap":{},"s":{"0":0,"1":0,"2":0,"3":0},"f":{"0":0},"b":{}}
,"/Users/thomassullivan/code/heartpoints.org/src/webServer/middleware/serveStaticContent.ts": {"path":"/Users/thomassullivan/code/heartpoints.org/src/webServer/middleware/serveStaticContent.ts","statementMap":{"0":{"start":{"line":1,"column":0},"end":{"line":1,"column":89}},"1":{"start":{"line":2,"column":0},"end":{"line":2,"column":119}},"2":{"start":{"line":3,"column":0},"end":{"line":3,"column":48}},"3":{"start":{"line":6,"column":13},"end":{"line":10,"column":null}},"4":{"start":{"line":8,"column":4},"end":{"line":10,"column":null}}},"fnMap":{"0":{"name":"(anonymous_0)","decl":{"start":{"line":7,"column":4},"end":{"line":7,"column":5}},"loc":{"start":{"line":7,"column":35},"end":{"line":8,"column":7}}}},"branchMap":{},"s":{"0":0,"1":0,"2":0,"3":0,"4":0},"f":{"0":0},"b":{}}
,"/Users/thomassullivan/code/heartpoints.org/src/webServer/middleware/serveStaticContentFromAbsolutePath.ts": {"path":"/Users/thomassullivan/code/heartpoints.org/src/webServer/middleware/serveStaticContentFromAbsolutePath.ts","statementMap":{"0":{"start":{"line":1,"column":0},"end":{"line":1,"column":46}},"1":{"start":{"line":3,"column":13},"end":{"line":6,"column":null}},"2":{"start":{"line":5,"column":4},"end":{"line":6,"column":null}},"3":{"start":{"line":6,"column":4},"end":{"line":6,"column":null}}},"fnMap":{"0":{"name":"(anonymous_1)","decl":{"start":{"line":4,"column":4},"end":{"line":4,"column":5}},"loc":{"start":{"line":4,"column":35},"end":{"line":5,"column":5}}},"1":{"name":"(anonymous_2)","decl":{"start":{"line":5,"column":4},"end":{"line":5,"column":5}},"loc":{"start":{"line":5,"column":24},"end":{"line":6,"column":22}}}},"branchMap":{},"s":{"0":0,"1":0,"2":0,"3":0},"f":{"0":0,"1":0},"b":{}}
,"/Users/thomassullivan/code/heartpoints.org/src/webServer/middleware/setUpMiddleWare.ts": {"path":"/Users/thomassullivan/code/heartpoints.org/src/webServer/middleware/setUpMiddleWare.ts","statementMap":{"0":{"start":{"line":1,"column":0},"end":{"line":1,"column":71}},"1":{"start":{"line":2,"column":0},"end":{"line":2,"column":53}},"2":{"start":{"line":3,"column":0},"end":{"line":3,"column":58}},"3":{"start":{"line":5,"column":13},"end":{"line":9,"column":null}},"4":{"start":{"line":6,"column":4},"end":{"line":6,"column":null}},"5":{"start":{"line":7,"column":4},"end":{"line":7,"column":null}},"6":{"start":{"line":8,"column":4},"end":{"line":8,"column":null}},"7":{"start":{"line":8,"column":46},"end":{"line":8,"column":68}}},"fnMap":{"0":{"name":"(anonymous_0)","decl":{"start":{"line":5,"column":31},"end":{"line":5,"column":32}},"loc":{"start":{"line":5,"column":50},"end":{"line":9,"column":1}}},"1":{"name":"(anonymous_1)","decl":{"start":{"line":8,"column":32},"end":{"line":8,"column":33}},"loc":{"start":{"line":8,"column":41},"end":{"line":8,"column":62}}}},"branchMap":{},"s":{"0":0,"1":0,"2":0,"3":0,"4":0,"5":0,"6":0,"7":0},"f":{"0":0,"1":0},"b":{}}
,"/Users/thomassullivan/code/heartpoints.org/src/webServer/middleware/useIndexHTMLFile.ts": {"path":"/Users/thomassullivan/code/heartpoints.org/src/webServer/middleware/useIndexHTMLFile.ts","statementMap":{"0":{"start":{"line":1,"column":0},"end":{"line":1,"column":55}},"1":{"start":{"line":2,"column":0},"end":{"line":2,"column":48}},"2":{"start":{"line":3,"column":0},"end":{"line":3,"column":114}},"3":{"start":{"line":5,"column":13},"end":{"line":5,"column":null}}},"fnMap":{},"branchMap":{},"s":{"0":0,"1":0,"2":0,"3":0},"f":{},"b":{}}
,"/Users/thomassullivan/code/heartpoints.org/src/webServer/middleware/useStaticFile.ts": {"path":"/Users/thomassullivan/code/heartpoints.org/src/webServer/middleware/useStaticFile.ts","statementMap":{"0":{"start":{"line":1,"column":0},"end":{"line":1,"column":75}},"1":{"start":{"line":4,"column":13},"end":{"line":7,"column":null}},"2":{"start":{"line":6,"column":4},"end":{"line":7,"column":null}},"3":{"start":{"line":7,"column":4},"end":{"line":7,"column":null}}},"fnMap":{"0":{"name":"(anonymous_0)","decl":{"start":{"line":5,"column":4},"end":{"line":5,"column":5}},"loc":{"start":{"line":5,"column":28},"end":{"line":6,"column":5}}},"1":{"name":"(anonymous_1)","decl":{"start":{"line":6,"column":4},"end":{"line":6,"column":5}},"loc":{"start":{"line":6,"column":26},"end":{"line":7,"column":23}}}},"branchMap":{},"s":{"0":0,"1":0,"2":0,"3":0},"f":{"0":0,"1":0},"b":{}}
,"/Users/thomassullivan/code/heartpoints.org/src/webServer/rest-guru/contentTypeURLBase.ts": {"path":"/Users/thomassullivan/code/heartpoints.org/src/webServer/rest-guru/contentTypeURLBase.ts","statementMap":{"0":{"start":{"line":1,"column":13},"end":{"line":1,"column":60}}},"fnMap":{},"branchMap":{},"s":{"0":0},"f":{},"b":{}}
,"/Users/thomassullivan/code/heartpoints.org/src/webServer/rest-guru/niceInterfaceForRestGuruRootURL.ts": {"path":"/Users/thomassullivan/code/heartpoints.org/src/webServer/rest-guru/niceInterfaceForRestGuruRootURL.ts","statementMap":{"0":{"start":{"line":1,"column":0},"end":{"line":1,"column":58}},"1":{"start":{"line":2,"column":13},"end":{"line":2,"column":83}}},"fnMap":{},"branchMap":{},"s":{"0":0,"1":0},"f":{},"b":{}}
,"/Users/thomassullivan/code/heartpoints.org/src/webServer/rest-guru/restGuruGet.ts": {"path":"/Users/thomassullivan/code/heartpoints.org/src/webServer/rest-guru/restGuruGet.ts","statementMap":{"0":{"start":{"line":1,"column":0},"end":{"line":1,"column":47}},"1":{"start":{"line":3,"column":0},"end":{"line":3,"column":73}},"2":{"start":{"line":4,"column":0},"end":{"line":4,"column":48}},"3":{"start":{"line":6,"column":13},"end":{"line":8,"column":null}},"4":{"start":{"line":8,"column":4},"end":{"line":8,"column":null}}},"fnMap":{"0":{"name":"(anonymous_0)","decl":{"start":{"line":7,"column":4},"end":{"line":7,"column":5}},"loc":{"start":{"line":7,"column":19},"end":{"line":8,"column":9}}}},"branchMap":{},"s":{"0":0,"1":0,"2":0,"3":0,"4":0},"f":{"0":0},"b":{}}
,"/Users/thomassullivan/code/heartpoints.org/src/webServer/rest-guru/restGuruGetRoutesForHeader.ts": {"path":"/Users/thomassullivan/code/heartpoints.org/src/webServer/rest-guru/restGuruGetRoutesForHeader.ts","statementMap":{"0":{"start":{"line":2,"column":0},"end":{"line":2,"column":51}},"1":{"start":{"line":3,"column":0},"end":{"line":3,"column":48}},"2":{"start":{"line":4,"column":0},"end":{"line":4,"column":66}},"3":{"start":{"line":5,"column":0},"end":{"line":5,"column":84}},"4":{"start":{"line":6,"column":0},"end":{"line":6,"column":60}},"5":{"start":{"line":8,"column":47},"end":{"line":8,"column":82}},"6":{"start":{"line":10,"column":13},"end":{"line":19,"column":null}},"7":{"start":{"line":12,"column":4},"end":{"line":19,"column":null}},"8":{"start":{"line":13,"column":4},"end":{"line":19,"column":null}},"9":{"start":{"line":15,"column":26},"end":{"line":15,"column":52}},"10":{"start":{"line":15,"column":58},"end":{"line":15,"column":94}},"11":{"start":{"line":16,"column":26},"end":{"line":16,"column":51}},"12":{"start":{"line":16,"column":57},"end":{"line":16,"column":79}},"13":{"start":{"line":17,"column":26},"end":{"line":17,"column":71}},"14":{"start":{"line":17,"column":77},"end":{"line":17,"column":138}},"15":{"start":{"line":18,"column":25},"end":{"line":18,"column":45}}},"fnMap":{"0":{"name":"(anonymous_0)","decl":{"start":{"line":11,"column":4},"end":{"line":11,"column":5}},"loc":{"start":{"line":11,"column":18},"end":{"line":12,"column":5}}},"1":{"name":"(anonymous_1)","decl":{"start":{"line":12,"column":4},"end":{"line":12,"column":5}},"loc":{"start":{"line":12,"column":19},"end":{"line":13,"column":10}}},"2":{"name":"(anonymous_2)","decl":{"start":{"line":15,"column":21},"end":{"line":15,"column":22}},"loc":{"start":{"line":15,"column":22},"end":{"line":15,"column":27}}},"3":{"name":"(anonymous_3)","decl":{"start":{"line":15,"column":52},"end":{"line":15,"column":58}},"loc":{"start":{"line":15,"column":52},"end":{"line":15,"column":61}}},"4":{"name":"(anonymous_4)","decl":{"start":{"line":16,"column":21},"end":{"line":16,"column":22}},"loc":{"start":{"line":16,"column":22},"end":{"line":16,"column":27}}},"5":{"name":"(anonymous_5)","decl":{"start":{"line":16,"column":51},"end":{"line":16,"column":57}},"loc":{"start":{"line":16,"column":51},"end":{"line":16,"column":73}}},"6":{"name":"(anonymous_6)","decl":{"start":{"line":17,"column":21},"end":{"line":17,"column":22}},"loc":{"start":{"line":17,"column":22},"end":{"line":17,"column":27}}},"7":{"name":"(anonymous_7)","decl":{"start":{"line":17,"column":71},"end":{"line":17,"column":77}},"loc":{"start":{"line":17,"column":71},"end":{"line":17,"column":80}}},"8":{"name":"(anonymous_8)","decl":{"start":{"line":18,"column":19},"end":{"line":18,"column":25}},"loc":{"start":{"line":18,"column":19},"end":{"line":18,"column":28}}}},"branchMap":{},"s":{"0":0,"1":0,"2":0,"3":0,"4":0,"5":0,"6":0,"7":0,"8":0,"9":0,"10":0,"11":0,"12":0,"13":0,"14":0,"15":0},"f":{"0":0,"1":0,"2":0,"3":0,"4":0,"5":0,"6":0,"7":0,"8":0},"b":{}}
,"/Users/thomassullivan/code/heartpoints.org/src/webServer/rest-guru/restGuruRoutes.ts": {"path":"/Users/thomassullivan/code/heartpoints.org/src/webServer/rest-guru/restGuruRoutes.ts","statementMap":{"0":{"start":{"line":2,"column":0},"end":{"line":2,"column":44}},"1":{"start":{"line":3,"column":0},"end":{"line":3,"column":58}},"2":{"start":{"line":4,"column":0},"end":{"line":4,"column":84}},"3":{"start":{"line":5,"column":0},"end":{"line":5,"column":60}},"4":{"start":{"line":7,"column":16},"end":{"line":7,"column":20}},"5":{"start":{"line":8,"column":12},"end":{"line":8,"column":16}},"6":{"start":{"line":9,"column":27},"end":{"line":9,"column":49}},"7":{"start":{"line":10,"column":34},"end":{"line":10,"column":55}},"8":{"start":{"line":10,"column":52},"end":{"line":10,"column":null}},"9":{"start":{"line":11,"column":37},"end":{"line":11,"column":69}},"10":{"start":{"line":12,"column":37},"end":{"line":12,"column":89}},"11":{"start":{"line":14,"column":17},"end":{"line":14,"column":28}},"12":{"start":{"line":15,"column":22},"end":{"line":15,"column":34}},"13":{"start":{"line":16,"column":45},"end":{"line":16,"column":103}},"14":{"start":{"line":17,"column":19},"end":{"line":17,"column":43}},"15":{"start":{"line":18,"column":27},"end":{"line":18,"column":82}},"16":{"start":{"line":19,"column":28},"end":{"line":19,"column":75}},"17":{"start":{"line":20,"column":36},"end":{"line":20,"column":69}},"18":{"start":{"line":23,"column":0},"end":{"line":23,"column":null}},"19":{"start":{"line":26,"column":18},"end":{"line":26,"column":50}},"20":{"start":{"line":26,"column":36},"end":{"line":26,"column":null}},"21":{"start":{"line":26,"column":60},"end":{"line":26,"column":69}},"22":{"start":{"line":27,"column":19},"end":{"line":27,"column":50}},"23":{"start":{"line":27,"column":41},"end":{"line":27,"column":null}},"24":{"start":{"line":27,"column":75},"end":{"line":27,"column":88}},"25":{"start":{"line":30,"column":3},"end":{"line":31,"column":36}},"26":{"start":{"line":34,"column":3},"end":{"line":35,"column":37}},"27":{"start":{"line":39,"column":0},"end":{"line":49,"column":39}},"28":{"start":{"line":52,"column":4},"end":{"line":53,"column":7}},"29":{"start":{"line":53,"column":4},"end":{"line":53,"column":null}},"30":{"start":{"line":56,"column":4},"end":{"line":57,"column":36}},"31":{"start":{"line":57,"column":4},"end":{"line":59,"column":null}},"32":{"start":{"line":61,"column":13},"end":{"line":65,"column":null}},"33":{"start":{"line":63,"column":8},"end":{"line":63,"column":null}},"34":{"start":{"line":63,"column":61},"end":{"line":63,"column":89}},"35":{"start":{"line":64,"column":8},"end":{"line":64,"column":null}}},"fnMap":{"0":{"name":"(anonymous_2)","decl":{"start":{"line":10,"column":34},"end":{"line":10,"column":48}},"loc":{"start":{"line":10,"column":48},"end":{"line":10,"column":55}}},"1":{"name":"(anonymous_3)","decl":{"start":{"line":26,"column":18},"end":{"line":26,"column":32}},"loc":{"start":{"line":26,"column":32},"end":{"line":26,"column":50}}},"2":{"name":"(anonymous_4)","decl":{"start":{"line":26,"column":55},"end":{"line":26,"column":56}},"loc":{"start":{"line":26,"column":56},"end":{"line":26,"column":65}}},"3":{"name":"(anonymous_5)","decl":{"start":{"line":27,"column":19},"end":{"line":27,"column":20}},"loc":{"start":{"line":27,"column":36},"end":{"line":27,"column":50}}},"4":{"name":"(anonymous_6)","decl":{"start":{"line":27,"column":70},"end":{"line":27,"column":71}},"loc":{"start":{"line":27,"column":71},"end":{"line":27,"column":78}}},"5":{"name":"(anonymous_7)","decl":{"start":{"line":52,"column":4},"end":{"line":52,"column":5}},"loc":{"start":{"line":52,"column":16},"end":{"line":53,"column":7}}},"6":{"name":"(anonymous_8)","decl":{"start":{"line":56,"column":4},"end":{"line":56,"column":7}},"loc":{"start":{"line":56,"column":7},"end":{"line":57,"column":36}}},"7":{"name":"(anonymous_9)","decl":{"start":{"line":62,"column":4},"end":{"line":62,"column":5}},"loc":{"start":{"line":62,"column":27},"end":{"line":65,"column":5}}},"8":{"name":"(anonymous_10)","decl":{"start":{"line":63,"column":41},"end":{"line":63,"column":42}},"loc":{"start":{"line":63,"column":56},"end":{"line":63,"column":64}}}},"branchMap":{"0":{"loc":{"start":{"line":53,"column":4},"end":{"line":53,"column":22}},"type":"binary-expr","locations":[{"start":{"line":53,"column":4},"end":{"line":53,"column":22}},{"start":{"line":53,"column":26},"end":{"line":53,"column":83}}]},"1":{"loc":{"start":{"line":58,"column":10},"end":{"line":58,"column":37}},"type":"cond-expr","locations":[{"start":{"line":58,"column":10},"end":{"line":58,"column":37}},{"start":{"line":59,"column":10},"end":{"line":59,"column":36}}]}},"s":{"0":0,"1":0,"2":0,"3":0,"4":0,"5":0,"6":0,"7":0,"8":0,"9":0,"10":0,"11":0,"12":0,"13":0,"14":0,"15":0,"16":0,"17":0,"18":0,"19":0,"20":0,"21":0,"22":0,"23":0,"24":0,"25":0,"26":0,"27":0,"28":0,"29":0,"30":0,"31":0,"32":0,"33":0,"34":0,"35":0},"f":{"0":0,"1":0,"2":0,"3":0,"4":0,"5":0,"6":0,"7":0,"8":0},"b":{"0":[0,0],"1":[0,0]}}
,"/Users/thomassullivan/code/heartpoints.org/src/webServer/routes/registerRoutes.ts": {"path":"/Users/thomassullivan/code/heartpoints.org/src/webServer/routes/registerRoutes.ts","statementMap":{"0":{"start":{"line":1,"column":0},"end":{"line":1,"column":61}},"1":{"start":{"line":3,"column":13},"end":{"line":5,"column":null}},"2":{"start":{"line":5,"column":4},"end":{"line":5,"column":null}}},"fnMap":{"0":{"name":"(anonymous_0)","decl":{"start":{"line":4,"column":4},"end":{"line":4,"column":14}},"loc":{"start":{"line":4,"column":14},"end":{"line":5,"column":18}}}},"branchMap":{},"s":{"0":0,"1":0,"2":0},"f":{"0":0},"b":{}}
,"/Users/thomassullivan/code/heartpoints.org/src/webServer/startup/onServerStart.ts": {"path":"/Users/thomassullivan/code/heartpoints.org/src/webServer/startup/onServerStart.ts","statementMap":{"0":{"start":{"line":1,"column":0},"end":{"line":1,"column":47}},"1":{"start":{"line":2,"column":0},"end":{"line":2,"column":45}},"2":{"start":{"line":3,"column":0},"end":{"line":3,"column":43}},"3":{"start":{"line":5,"column":13},"end":{"line":8,"column":null}},"4":{"start":{"line":6,"column":4},"end":{"line":6,"column":null}},"5":{"start":{"line":7,"column":4},"end":{"line":7,"column":null}}},"fnMap":{"0":{"name":"(anonymous_0)","decl":{"start":{"line":5,"column":29},"end":{"line":5,"column":null}},"loc":{"start":{"line":5,"column":29},"end":{"line":8,"column":1}}}},"branchMap":{},"s":{"0":0,"1":0,"2":0,"3":0,"4":0,"5":0},"f":{"0":0},"b":{}}
,"/Users/thomassullivan/code/heartpoints.org/src/webServer/startup/registerHTTPListener.ts": {"path":"/Users/thomassullivan/code/heartpoints.org/src/webServer/startup/registerHTTPListener.ts","statementMap":{"0":{"start":{"line":1,"column":0},"end":{"line":1,"column":47}},"1":{"start":{"line":2,"column":0},"end":{"line":2,"column":23}},"2":{"start":{"line":3,"column":0},"end":{"line":3,"column":46}},"3":{"start":{"line":5,"column":13},"end":{"line":10,"column":null}},"4":{"start":{"line":7,"column":4},"end":{"line":10,"column":null}}},"fnMap":{"0":{"name":"(anonymous_1)","decl":{"start":{"line":6,"column":4},"end":{"line":6,"column":22}},"loc":{"start":{"line":6,"column":22},"end":{"line":7,"column":8}}}},"branchMap":{},"s":{"0":0,"1":0,"2":0,"3":0,"4":0},"f":{"0":0},"b":{}}
,"/Users/thomassullivan/code/heartpoints.org/src/webServer/startup/setUpCoreServer.ts": {"path":"/Users/thomassullivan/code/heartpoints.org/src/webServer/startup/setUpCoreServer.ts","statementMap":{"0":{"start":{"line":1,"column":0},"end":{"line":1,"column":45}},"1":{"start":{"line":3,"column":13},"end":{"line":5,"column":null}},"2":{"start":{"line":4,"column":4},"end":{"line":4,"column":null}}},"fnMap":{"0":{"name":"(anonymous_0)","decl":{"start":{"line":3,"column":31},"end":{"line":3,"column":32}},"loc":{"start":{"line":3,"column":50},"end":{"line":5,"column":1}}}},"branchMap":{},"s":{"0":0,"1":0,"2":0},"f":{"0":0},"b":{}}
,"/Users/thomassullivan/code/heartpoints.org/src/webServer/startup/setupSteps.ts": {"path":"/Users/thomassullivan/code/heartpoints.org/src/webServer/startup/setupSteps.ts","statementMap":{"0":{"start":{"line":1,"column":0},"end":{"line":1,"column":51}},"1":{"start":{"line":2,"column":0},"end":{"line":2,"column":63}},"2":{"start":{"line":3,"column":0},"end":{"line":3,"column":61}},"3":{"start":{"line":4,"column":0},"end":{"line":4,"column":57}},"4":{"start":{"line":6,"column":13},"end":{"line":6,"column":null}}},"fnMap":{},"branchMap":{},"s":{"0":0,"1":0,"2":0,"3":0,"4":0},"f":{},"b":{}}
,"/Users/thomassullivan/code/heartpoints.org/src/webServer/startup/startServer.ts": {"path":"/Users/thomassullivan/code/heartpoints.org/src/webServer/startup/startServer.ts","statementMap":{"0":{"start":{"line":1,"column":0},"end":{"line":1,"column":29}},"1":{"start":{"line":2,"column":0},"end":{"line":2,"column":60}},"2":{"start":{"line":3,"column":0},"end":{"line":3,"column":42}},"3":{"start":{"line":5,"column":13},"end":{"line":5,"column":null}},"4":{"start":{"line":5,"column":33},"end":{"line":5,"column":null}}},"fnMap":{"0":{"name":"(anonymous_1)","decl":{"start":{"line":5,"column":27},"end":{"line":5,"column":33}},"loc":{"start":{"line":5,"column":27},"end":{"line":5,"column":43}}}},"branchMap":{},"s":{"0":0,"1":0,"2":0,"3":0,"4":0},"f":{"0":0},"b":{}}
}
